<?xml version="1.0" encoding="utf-8"?><testsuites name="pytest tests"><testsuite name="pytest" errors="0" failures="1" skipped="0" tests="8" time="46.081" timestamp="2026-06-30T02:59:10.732233+00:00" hostname="agent-env-afbbaeec-dfa2-4c42-a2b1-91b147e5eead"><testcase classname="backend.tests.test_launch_prep_iter22" name="test_api_root_200" time="0.003" /><testcase classname="backend.tests.test_launch_prep_iter22" name="test_init_mock_skipped_in_production" time="7.735" /><testcase classname="backend.tests.test_launch_prep_iter22" name="test_match_history_no_auto_seed" time="0.306" /><testcase classname="backend.tests.test_launch_prep_iter22" name="test_chat_conversations_empty_for_new_user" time="0.003" /><testcase classname="backend.tests.test_launch_prep_iter22" name="test_real_to_real_does_not_trigger_auto_reply" time="5.619" /><testcase classname="backend.tests.test_launch_prep_iter22" name="test_real_to_bot_triggers_auto_reply" time="15.951" /><testcase classname="backend.tests.test_launch_prep_iter22" name="test_tina_post_onboarding_uses_profile" time="1.762" /><testcase classname="backend.tests.test_launch_prep_iter22" name="test_matchmaking_mixed_pool" time="14.611"><failure message="AssertionError: No bots in /matches pool of 15. sample ids=['user_b83309c1d73b', 'user_9221e02547e5', 'user_957c5f8c0315', 'user_f401c57902e9', 'user_9b2bac15f5fb']. Mock pool has 35 bots — they must survive the top-N cut at limit=200.&#10;assert []">backend/tests/test_launch_prep_iter22.py:321: in test_matchmaking_mixed_pool
    assert bots, (
E   AssertionError: No bots in /matches pool of 15. sample ids=['user_b83309c1d73b', 'user_9221e02547e5', 'user_957c5f8c0315', 'user_f401c57902e9', 'user_9b2bac15f5fb']. Mock pool has 35 bots — they must survive the top-N cut at limit=200.
E   assert []</failure></testcase></testsuite></testsuites>