<?xml version="1.0" encoding="utf-8"?><testsuites name="pytest tests"><testsuite name="pytest" errors="0" failures="0" skipped="0" tests="13" time="24.317" timestamp="2026-06-30T01:28:06.253630+00:00" hostname="agent-env-afbbaeec-dfa2-4c42-a2b1-91b147e5eead"><testcase classname="backend.tests.test_supabase_audit.TestBootstrap" name="test_api_root" time="0.059" /><testcase classname="backend.tests.test_supabase_audit.TestAuthAudit" name="test_send_otp_and_verify" time="0.440" /><testcase classname="backend.tests.test_supabase_audit.TestTinaChatAudit" name="test_welcome_back" time="0.003" /><testcase classname="backend.tests.test_supabase_audit.TestTinaChatAudit" name="test_chat_returns_200_with_message" time="2.203" /><testcase classname="backend.tests.test_supabase_audit.TestPictureUploadAudit" name="test_upload_returns_storage_url" time="2.671" /><testcase classname="backend.tests.test_supabase_audit.TestUserChatAudit" name="test_init_mock_then_send" time="2.345" /><testcase classname="backend.tests.test_supabase_audit.TestMatchAudit" name="test_matches_endpoint_200" time="9.513" /><testcase classname="backend.tests.test_supabase_audit.TestUnmatchReportAudit" name="test_unmatch_returns_200" time="0.995" /><testcase classname="backend.tests.test_supabase_audit.TestUnmatchReportAudit" name="test_report_returns_200" time="0.267" /><testcase classname="backend.tests.test_supabase_audit.TestSupabasePersistence" name="test_user_pictures_row_landed" time="1.846" /><testcase classname="backend.tests.test_supabase_audit.TestSupabasePersistence" name="test_tina_chat_messages_row_landed" time="1.299" /><testcase classname="backend.tests.test_supabase_audit.TestSupabasePersistence" name="test_user_chat_messages_row_landed" time="1.294" /><testcase classname="backend.tests.test_supabase_audit.TestSupabasePersistence" name="test_report_events_row_landed" time="1.297" /></testsuite></testsuites>