<?xml version="1.0" encoding="utf-8"?><testsuites name="pytest tests"><testsuite name="pytest" errors="0" failures="0" skipped="0" tests="7" time="95.373" timestamp="2026-06-30T01:51:31.129711+00:00" hostname="agent-env-afbbaeec-dfa2-4c42-a2b1-91b147e5eead"><testcase classname="backend.tests.test_real_user_matchmaking" name="test_api_root_200" time="0.254" /><testcase classname="backend.tests.test_real_user_matchmaking" name="test_real_user_appears_in_bobs_feed" time="22.055" /><testcase classname="backend.tests.test_real_user_matchmaking" name="test_recency_boost_includes_carol" time="12.091" /><testcase classname="backend.tests.test_real_user_matchmaking" name="test_self_exclusion" time="14.100" /><testcase classname="backend.tests.test_real_user_matchmaking" name="test_is_bot_flag_consistency" time="15.275" /><testcase classname="backend.tests.test_real_user_matchmaking" name="test_cache_invalidation_on_new_signup" time="15.845" /><testcase classname="backend.tests.test_real_user_matchmaking" name="test_matches_with_no_profile_user_still_ok" time="15.695" /></testsuite></testsuites>