<?xml version="1.0" encoding="utf-8"?><testsuites name="pytest tests"><testsuite name="pytest" errors="0" failures="0" skipped="0" tests="33" time="102.736" timestamp="2026-06-30T03:38:34.614009+00:00" hostname="agent-env-afbbaeec-dfa2-4c42-a2b1-91b147e5eead"><testcase classname="tests.test_supabase_audit.TestBootstrap" name="test_api_root" time="0.049" /><testcase classname="tests.test_supabase_audit.TestAuthAudit" name="test_send_otp_and_verify" time="0.415" /><testcase classname="tests.test_supabase_audit.TestTinaChatAudit" name="test_welcome_back" time="0.003" /><testcase classname="tests.test_supabase_audit.TestTinaChatAudit" name="test_chat_returns_200_with_message" time="1.613" /><testcase classname="tests.test_supabase_audit.TestPictureUploadAudit" name="test_upload_returns_storage_url" time="2.580" /><testcase classname="tests.test_supabase_audit.TestUserChatAudit" name="test_init_mock_then_send" time="2.325" /><testcase classname="tests.test_supabase_audit.TestMatchAudit" name="test_matches_endpoint_200" time="22.007" /><testcase classname="tests.test_supabase_audit.TestUnmatchReportAudit" name="test_unmatch_returns_200" time="0.910" /><testcase classname="tests.test_supabase_audit.TestUnmatchReportAudit" name="test_report_returns_200" time="0.276" /><testcase classname="tests.test_supabase_audit.TestSupabasePersistence" name="test_user_pictures_row_landed" time="2.472" /><testcase classname="tests.test_supabase_audit.TestSupabasePersistence" name="test_tina_chat_messages_row_landed" time="1.320" /><testcase classname="tests.test_supabase_audit.TestSupabasePersistence" name="test_user_chat_messages_row_landed" time="1.318" /><testcase classname="tests.test_supabase_audit.TestSupabasePersistence" name="test_report_events_row_landed" time="1.322" /><testcase classname="tests.test_audit_iter20.TestBootstrap" name="test_api_root" time="0.023" /><testcase classname="tests.test_audit_iter20.TestBootstrap" name="test_audit_tables_present_in_backend_log" time="0.001" /><testcase classname="tests.test_audit_iter20.TestSignupFlowPersistence" name="test_a_login_audit_row_after_verify_otp" time="1.720" /><testcase classname="tests.test_audit_iter20.TestSignupFlowPersistence" name="test_b_profile_save_persists_to_supabase" time="4.640" /><testcase classname="tests.test_audit_iter20.TestSignupFlowPersistence" name="test_c_visibility_toggles_via_profile" time="0.267" /><testcase classname="tests.test_audit_iter20.TestSignupFlowPersistence" name="test_d_filters_persists_to_supabase" time="4.748" /><testcase classname="tests.test_audit_iter20.TestSignupFlowPersistence" name="test_e_mode_endpoint_adds_row" time="2.377" /><testcase classname="tests.test_audit_iter20.TestSignupFlowPersistence" name="test_f_pictures_batch_audit_NEW_HOOK" time="4.559" /><testcase classname="tests.test_audit_iter20.TestMatchFlowPersistence" name="test_a_matches_generated_event" time="22.405" /><testcase classname="tests.test_audit_iter20.TestMatchFlowPersistence" name="test_b_init_mock_then_accept_NEW_HOOK" time="4.317" /><testcase classname="tests.test_audit_iter20.TestMatchFlowPersistence" name="test_c_decline_NEW_HOOK" time="2.708" /><testcase classname="tests.test_audit_iter20.TestMatchFlowPersistence" name="test_d_unmatch_persists" time="2.405" /><testcase classname="tests.test_audit_iter20.TestMatchFlowPersistence" name="test_e_report_persists" time="2.421" /><testcase classname="tests.test_audit_iter20.TestMatchFlowPersistence" name="test_f_delete_NEW_HOOK" time="2.423" /><testcase classname="tests.test_audit_iter20.TestMatchFlowPersistence" name="test_g_meeting_report_NEW_HOOK" time="2.406" /><testcase classname="tests.test_audit_iter20.TestMatchFlowPersistence" name="test_h_meeting_status_NEW_HOOK" time="2.431" /><testcase classname="tests.test_audit_iter20.TestChatFlowRegression" name="test_a_chat_send_persists" time="2.092" /><testcase classname="tests.test_audit_iter20.TestChatFlowRegression" name="test_b_tina_chat_persists" time="4.077" /><testcase classname="tests.test_audit_iter20.TestNegativeChecks" name="test_no_recent_500_from_new_hooks" time="0.002" /><testcase classname="tests.test_audit_iter20.TestNegativeChecks" name="test_audit_failures_are_non_blocking" time="0.001" /></testsuite></testsuites>