<?xml version="1.0" encoding="utf-8"?><testsuites name="pytest tests"><testsuite name="pytest" errors="0" failures="5" skipped="0" tests="40" time="177.607" timestamp="2026-06-30T02:31:13.454916+00:00" hostname="agent-env-afbbaeec-dfa2-4c42-a2b1-91b147e5eead"><testcase classname="backend.tests.test_supabase_audit.TestBootstrap" name="test_api_root" time="0.048" /><testcase classname="backend.tests.test_supabase_audit.TestAuthAudit" name="test_send_otp_and_verify" time="0.398" /><testcase classname="backend.tests.test_supabase_audit.TestTinaChatAudit" name="test_welcome_back" time="0.003" /><testcase classname="backend.tests.test_supabase_audit.TestTinaChatAudit" name="test_chat_returns_200_with_message" time="1.697" /><testcase classname="backend.tests.test_supabase_audit.TestPictureUploadAudit" name="test_upload_returns_storage_url" time="2.837" /><testcase classname="backend.tests.test_supabase_audit.TestUserChatAudit" name="test_init_mock_then_send" time="0.627" /><testcase classname="backend.tests.test_supabase_audit.TestMatchAudit" name="test_matches_endpoint_200" time="12.596" /><testcase classname="backend.tests.test_supabase_audit.TestUnmatchReportAudit" name="test_unmatch_returns_200" time="1.008" /><testcase classname="backend.tests.test_supabase_audit.TestUnmatchReportAudit" name="test_report_returns_200" time="0.297" /><testcase classname="backend.tests.test_supabase_audit.TestSupabasePersistence" name="test_user_pictures_row_landed" time="1.847" /><testcase classname="backend.tests.test_supabase_audit.TestSupabasePersistence" name="test_tina_chat_messages_row_landed" time="1.298" /><testcase classname="backend.tests.test_supabase_audit.TestSupabasePersistence" name="test_user_chat_messages_row_landed" time="1.290" /><testcase classname="backend.tests.test_supabase_audit.TestSupabasePersistence" name="test_report_events_row_landed" time="1.293" /><testcase classname="backend.tests.test_audit_iter20.TestBootstrap" name="test_api_root" time="0.023" /><testcase classname="backend.tests.test_audit_iter20.TestBootstrap" name="test_audit_tables_present_in_backend_log" time="0.001" /><testcase classname="backend.tests.test_audit_iter20.TestSignupFlowPersistence" name="test_a_login_audit_row_after_verify_otp" time="1.731" /><testcase classname="backend.tests.test_audit_iter20.TestSignupFlowPersistence" name="test_b_profile_save_persists_to_supabase" time="5.036" /><testcase classname="backend.tests.test_audit_iter20.TestSignupFlowPersistence" name="test_c_visibility_toggles_via_profile" time="0.288" /><testcase classname="backend.tests.test_audit_iter20.TestSignupFlowPersistence" name="test_d_filters_persists_to_supabase" time="4.527" /><testcase classname="backend.tests.test_audit_iter20.TestSignupFlowPersistence" name="test_e_mode_endpoint_adds_row" time="2.374" /><testcase classname="backend.tests.test_audit_iter20.TestSignupFlowPersistence" name="test_f_pictures_batch_audit_NEW_HOOK" time="4.480" /><testcase classname="backend.tests.test_audit_iter20.TestMatchFlowPersistence" name="test_a_matches_generated_event" time="14.884" /><testcase classname="backend.tests.test_audit_iter20.TestMatchFlowPersistence" name="test_b_init_mock_then_accept_NEW_HOOK" time="0.005"><failure message="AssertionError: No mock conversations seeded&#10;assert 0 &gt;= 1&#10; +  where 0 = len([])">backend/tests/test_audit_iter20.py:389: in test_b_init_mock_then_accept_NEW_HOOK
    assert len(conversations) &gt;= 1, "No mock conversations seeded"
E   AssertionError: No mock conversations seeded
E   assert 0 &gt;= 1
E    +  where 0 = len([])</failure></testcase><testcase classname="backend.tests.test_audit_iter20.TestMatchFlowPersistence" name="test_c_decline_NEW_HOOK" time="0.000"><failure message="AttributeError: module 'pytest' has no attribute '_iter20_conv_ids'">backend/tests/test_audit_iter20.py:427: in test_c_decline_NEW_HOOK
    conv_id = pytest._iter20_conv_ids.get("decline")
              ^^^^^^^^^^^^^^^^^^^^^^^
E   AttributeError: module 'pytest' has no attribute '_iter20_conv_ids'</failure></testcase><testcase classname="backend.tests.test_audit_iter20.TestMatchFlowPersistence" name="test_d_unmatch_persists" time="2.337" /><testcase classname="backend.tests.test_audit_iter20.TestMatchFlowPersistence" name="test_e_report_persists" time="2.346" /><testcase classname="backend.tests.test_audit_iter20.TestMatchFlowPersistence" name="test_f_delete_NEW_HOOK" time="0.000"><failure message="AttributeError: module 'pytest' has no attribute '_iter20_conv_ids'">backend/tests/test_audit_iter20.py:496: in test_f_delete_NEW_HOOK
    conv_id = pytest._iter20_conv_ids.get("delete")
              ^^^^^^^^^^^^^^^^^^^^^^^
E   AttributeError: module 'pytest' has no attribute '_iter20_conv_ids'</failure></testcase><testcase classname="backend.tests.test_audit_iter20.TestMatchFlowPersistence" name="test_g_meeting_report_NEW_HOOK" time="0.000"><failure message="AttributeError: module 'pytest' has no attribute '_iter20_conv_ids'">backend/tests/test_audit_iter20.py:526: in test_g_meeting_report_NEW_HOOK
    conv_id = pytest._iter20_conv_ids.get("accept") or "test_conv_iter20"
              ^^^^^^^^^^^^^^^^^^^^^^^
E   AttributeError: module 'pytest' has no attribute '_iter20_conv_ids'</failure></testcase><testcase classname="backend.tests.test_audit_iter20.TestMatchFlowPersistence" name="test_h_meeting_status_NEW_HOOK" time="2.350" /><testcase classname="backend.tests.test_audit_iter20.TestChatFlowRegression" name="test_a_chat_send_persists" time="2.367" /><testcase classname="backend.tests.test_audit_iter20.TestChatFlowRegression" name="test_b_tina_chat_persists" time="3.498" /><testcase classname="backend.tests.test_audit_iter20.TestNegativeChecks" name="test_no_recent_500_from_new_hooks" time="0.001" /><testcase classname="backend.tests.test_audit_iter20.TestNegativeChecks" name="test_audit_failures_are_non_blocking" time="0.001" /><testcase classname="backend.tests.test_real_user_matchmaking" name="test_api_root_200" time="0.003" /><testcase classname="backend.tests.test_real_user_matchmaking" name="test_real_user_appears_in_bobs_feed" time="31.938"><failure message="AssertionError: Alice (user_262c93d377c1) NOT in Bob's match feed. Got: ['mock_user_001', 'user_97a80b95fba1', 'user_5583c13a423b', 'user_957c5f8c0315', 'user_fcc5a788fba8', 'user_f401c57902e9', 'user_202dd03366a7', 'user_9247c6f9ad78', 'user_6a24a30d63d4', 'user_277eb2a7c705', 'user_9b2bac15f5fb', 'mock_user_003', 'mock_user_007', 'user_07284fcd6abe', 'user_1ab540e4758a']&#10;assert 'user_262c93d377c1' in ['mock_user_001', 'user_97a80b95fba1', 'user_5583c13a423b', 'user_957c5f8c0315', 'user_fcc5a788fba8', 'user_f401c57902e9', ...]">backend/tests/test_real_user_matchmaking.py:120: in test_real_user_appears_in_bobs_feed
    assert alice in ids, f"Alice ({alice}) NOT in Bob's match feed. Got: {ids}"
E   AssertionError: Alice (user_262c93d377c1) NOT in Bob's match feed. Got: ['mock_user_001', 'user_97a80b95fba1', 'user_5583c13a423b', 'user_957c5f8c0315', 'user_fcc5a788fba8', 'user_f401c57902e9', 'user_202dd03366a7', 'user_9247c6f9ad78', 'user_6a24a30d63d4', 'user_277eb2a7c705', 'user_9b2bac15f5fb', 'mock_user_003', 'mock_user_007', 'user_07284fcd6abe', 'user_1ab540e4758a']
E   assert 'user_262c93d377c1' in ['mock_user_001', 'user_97a80b95fba1', 'user_5583c13a423b', 'user_957c5f8c0315', 'user_fcc5a788fba8', 'user_f401c57902e9', ...]</failure></testcase><testcase classname="backend.tests.test_real_user_matchmaking" name="test_recency_boost_includes_carol" time="16.027" /><testcase classname="backend.tests.test_real_user_matchmaking" name="test_self_exclusion" time="14.696" /><testcase classname="backend.tests.test_real_user_matchmaking" name="test_is_bot_flag_consistency" time="14.470" /><testcase classname="backend.tests.test_real_user_matchmaking" name="test_cache_invalidation_on_new_signup" time="16.070" /><testcase classname="backend.tests.test_real_user_matchmaking" name="test_matches_with_no_profile_user_still_ok" time="12.727" /></testsuite></testsuites>