<?xml version="1.0" encoding="utf-8"?><testsuites name="pytest tests"><testsuite name="pytest" errors="0" failures="3" skipped="0" tests="9" time="17.688" timestamp="2026-06-30T03:29:39.825717+00:00" hostname="agent-env-afbbaeec-dfa2-4c42-a2b1-91b147e5eead"><testcase classname="backend.tests.test_tina_bug_fixes_iter26.TestSanity" name="test_backend_root" time="1.002" /><testcase classname="backend.tests.test_tina_bug_fixes_iter26.TestBug1_SkipQuizForCompletedUsers" name="test_01_first_turn_no_quiz" time="1.027"><failure message="AssertionError: Bug 1 NOT FIXED — 360 quiz still triggered: show_options.mode==personality_360: {'field': '_p360', 'question_id': 'first_night_vibe', 'mode': 'personality_360', 'options': [{'key': 'talk_2am', 'emoji': '❤️', 'label': 'Talk until 2 AM'}, {'key': 'roast_each_other', 'emoji': '#x1F602', 'label': 'Roast each other immediately'}, {'key': 'recommend_movies', 'emoji': '#x1F3AC', 'label': 'Start recommending movies'}, {'key': 'memes_before_names', 'emoji': '#x1F440', 'label': 'Exchange memes before names'}], 'multi_select': False}&#10;assert not True">backend/tests/test_tina_bug_fixes_iter26.py:207: in test_01_first_turn_no_quiz
    assert not is_quiz, f"Bug 1 NOT FIXED — 360 quiz still triggered: {reason}"
E   AssertionError: Bug 1 NOT FIXED — 360 quiz still triggered: show_options.mode==personality_360: {'field': '_p360', 'question_id': 'first_night_vibe', 'mode': 'personality_360', 'options': [{'key': 'talk_2am', 'emoji': '❤️', 'label': 'Talk until 2 AM'}, {'key': 'roast_each_other', 'emoji': '#x1F602', 'label': 'Roast each other immediately'}, {'key': 'recommend_movies', 'emoji': '#x1F3AC', 'label': 'Start recommending movies'}, {'key': 'memes_before_names', 'emoji': '#x1F440', 'label': 'Exchange memes before names'}], 'multi_select': False}
E   assert not True</failure></testcase><testcase classname="backend.tests.test_tina_bug_fixes_iter26.TestBug1_SkipQuizForCompletedUsers" name="test_02_movie_recommendation_references_taste" time="0.610"><failure message="AssertionError: 360 quiz still triggered on turn 2: show_options.mode==personality_360: {'field': '_p360', 'question_id': 'dating_superpower', 'mode': 'personality_360', 'options': [{'key': 'flirting', 'emoji': '#x1F60E', 'label': 'Flirting'}, {'key': 'making_laugh', 'emoji': '#x1F602', 'label': 'Making people laugh'}, {'key': 'deep_convos', 'emoji': '❤️', 'label': 'Deep conversations'}, {'key': 'planning_dates', 'emoji': '#x1F389', 'label': 'Planning amazing dates'}], 'multi_select': False}&#10;assert not True">backend/tests/test_tina_bug_fixes_iter26.py:225: in test_02_movie_recommendation_references_taste
    assert not is_quiz, f"360 quiz still triggered on turn 2: {reason}"
E   AssertionError: 360 quiz still triggered on turn 2: show_options.mode==personality_360: {'field': '_p360', 'question_id': 'dating_superpower', 'mode': 'personality_360', 'options': [{'key': 'flirting', 'emoji': '#x1F60E', 'label': 'Flirting'}, {'key': 'making_laugh', 'emoji': '#x1F602', 'label': 'Making people laugh'}, {'key': 'deep_convos', 'emoji': '❤️', 'label': 'Deep conversations'}, {'key': 'planning_dates', 'emoji': '#x1F389', 'label': 'Planning amazing dates'}], 'multi_select': False}
E   assert not True</failure></testcase><testcase classname="backend.tests.test_tina_bug_fixes_iter26.TestBug1_SkipQuizForCompletedUsers" name="test_03_tell_me_about_yourself_no_script" time="1.702" /><testcase classname="backend.tests.test_tina_bug_fixes_iter26.TestBug1_SkipQuizForCompletedUsers" name="test_04_chip_payload_does_not_enter_quiz" time="2.154"><failure message="AssertionError: 360 quiz still triggered on chip payload: show_options non-empty on post-onboarding: {'field': 'relationshipIntent', 'options': ['Casual', 'Friendship', 'Serious relationship', 'Exploring'], 'multi_select': True}&#10;assert not True">backend/tests/test_tina_bug_fixes_iter26.py:262: in test_04_chip_payload_does_not_enter_quiz
    assert not is_quiz, f"360 quiz still triggered on chip payload: {reason}"
E   AssertionError: 360 quiz still triggered on chip payload: show_options non-empty on post-onboarding: {'field': 'relationshipIntent', 'options': ['Casual', 'Friendship', 'Serious relationship', 'Exploring'], 'multi_select': True}
E   assert not True</failure></testcase><testcase classname="backend.tests.test_tina_bug_fixes_iter26.TestBug2_LatencyAndFastFlag" name="test_05_fast_flag_in_service" time="0.001" /><testcase classname="backend.tests.test_tina_bug_fixes_iter26.TestBug2_LatencyAndFastFlag" name="test_06_frontend_cadence_constants" time="0.000" /><testcase classname="backend.tests.test_tina_bug_fixes_iter26.TestBug2_LatencyAndFastFlag" name="test_07_post_onboarding_latency_under_2_5s" time="9.543" /><testcase classname="backend.tests.test_tina_bug_fixes_iter26.TestRegression_OnboardingStillScripted" name="test_08_incomplete_user_gets_scripted_question" time="1.405" /></testsuite></testsuites>