<?xml version="1.0" encoding="utf-8"?><testsuites name="pytest tests"><testsuite name="pytest" errors="0" failures="0" skipped="0" tests="11" time="5.988" timestamp="2026-07-01T18:29:51.880054+00:00" hostname="agent-env-afbbaeec-dfa2-4c42-a2b1-91b147e5eead"><testcase classname="tests.test_deployment_fixes_iter33.TestTinaChatFix" name="test_chat_with_correct_user_id_returns_200" time="3.767" /><testcase classname="tests.test_deployment_fixes_iter33.TestTinaChatFix" name="test_chat_with_stale_user_id_still_returns_200" time="1.831" /><testcase classname="tests.test_deployment_fixes_iter33.TestTinaWelcomeBackFix" name="test_welcome_back_correct_user_id" time="0.060" /><testcase classname="tests.test_deployment_fixes_iter33.TestTinaWelcomeBackFix" name="test_welcome_back_stale_user_id" time="0.055" /><testcase classname="tests.test_deployment_fixes_iter33" name="test_cors_preflight[https://foo.emergent.host]" time="0.002" /><testcase classname="tests.test_deployment_fixes_iter33" name="test_cors_preflight[https://bar.preview.emergentagent.com]" time="0.001" /><testcase classname="tests.test_deployment_fixes_iter33" name="test_cors_preflight[https://baz.emergent.sh]" time="0.001" /><testcase classname="tests.test_deployment_fixes_iter33" name="test_require_owner_still_blocks_other_users_data" time="0.055" /><testcase classname="tests.test_deployment_fixes_iter33" name="test_auth_me" time="0.059" /><testcase classname="tests.test_deployment_fixes_iter33" name="test_tina_greeting_public" time="0.051" /><testcase classname="tests.test_deployment_fixes_iter33" name="test_tina_field_options" time="0.051" /></testsuite></testsuites>