<?xml version="1.0" encoding="utf-8"?><testsuites name="pytest tests"><testsuite name="pytest" errors="0" failures="2" skipped="0" tests="40" time="253.587" timestamp="2026-06-30T03:30:32.744337+00:00" hostname="agent-env-afbbaeec-dfa2-4c42-a2b1-91b147e5eead"><testcase classname="backend.tests.test_supabase_audit.TestBootstrap" name="test_api_root" time="0.047" /><testcase classname="backend.tests.test_supabase_audit.TestAuthAudit" name="test_send_otp_and_verify" time="0.442" /><testcase classname="backend.tests.test_supabase_audit.TestTinaChatAudit" name="test_welcome_back" time="0.003" /><testcase classname="backend.tests.test_supabase_audit.TestTinaChatAudit" name="test_chat_returns_200_with_message" time="2.338" /><testcase classname="backend.tests.test_supabase_audit.TestPictureUploadAudit" name="test_upload_returns_storage_url" time="2.934" /><testcase classname="backend.tests.test_supabase_audit.TestUserChatAudit" name="test_init_mock_then_send" time="2.612" /><testcase classname="backend.tests.test_supabase_audit.TestMatchAudit" name="test_matches_endpoint_200" time="16.812" /><testcase classname="backend.tests.test_supabase_audit.TestUnmatchReportAudit" name="test_unmatch_returns_200" time="0.990" /><testcase classname="backend.tests.test_supabase_audit.TestUnmatchReportAudit" name="test_report_returns_200" time="0.304" /><testcase classname="backend.tests.test_supabase_audit.TestSupabasePersistence" name="test_user_pictures_row_landed" time="2.443" /><testcase classname="backend.tests.test_supabase_audit.TestSupabasePersistence" name="test_tina_chat_messages_row_landed" time="1.317" /><testcase classname="backend.tests.test_supabase_audit.TestSupabasePersistence" name="test_user_chat_messages_row_landed" time="1.315" /><testcase classname="backend.tests.test_supabase_audit.TestSupabasePersistence" name="test_report_events_row_landed" time="1.317" /><testcase classname="backend.tests.test_audit_iter20.TestBootstrap" name="test_api_root" time="0.023" /><testcase classname="backend.tests.test_audit_iter20.TestBootstrap" name="test_audit_tables_present_in_backend_log" time="0.001" /><testcase classname="backend.tests.test_audit_iter20.TestSignupFlowPersistence" name="test_a_login_audit_row_after_verify_otp" time="2.777" /><testcase classname="backend.tests.test_audit_iter20.TestSignupFlowPersistence" name="test_b_profile_save_persists_to_supabase" time="4.546" /><testcase classname="backend.tests.test_audit_iter20.TestSignupFlowPersistence" name="test_c_visibility_toggles_via_profile" time="0.309" /><testcase classname="backend.tests.test_audit_iter20.TestSignupFlowPersistence" name="test_d_filters_persists_to_supabase" time="4.653" /><testcase classname="backend.tests.test_audit_iter20.TestSignupFlowPersistence" name="test_e_mode_endpoint_adds_row" time="2.406" /><testcase classname="backend.tests.test_audit_iter20.TestSignupFlowPersistence" name="test_f_pictures_batch_audit_NEW_HOOK" time="4.855" /><testcase classname="backend.tests.test_audit_iter20.TestMatchFlowPersistence" name="test_a_matches_generated_event" time="24.094" /><testcase classname="backend.tests.test_audit_iter20.TestMatchFlowPersistence" name="test_b_init_mock_then_accept_NEW_HOOK" time="4.307" /><testcase classname="backend.tests.test_audit_iter20.TestMatchFlowPersistence" name="test_c_decline_NEW_HOOK" time="2.638" /><testcase classname="backend.tests.test_audit_iter20.TestMatchFlowPersistence" name="test_d_unmatch_persists" time="2.388" /><testcase classname="backend.tests.test_audit_iter20.TestMatchFlowPersistence" name="test_e_report_persists" time="2.371" /><testcase classname="backend.tests.test_audit_iter20.TestMatchFlowPersistence" name="test_f_delete_NEW_HOOK" time="2.374" /><testcase classname="backend.tests.test_audit_iter20.TestMatchFlowPersistence" name="test_g_meeting_report_NEW_HOOK" time="2.385" /><testcase classname="backend.tests.test_audit_iter20.TestMatchFlowPersistence" name="test_h_meeting_status_NEW_HOOK" time="2.369" /><testcase classname="backend.tests.test_audit_iter20.TestChatFlowRegression" name="test_a_chat_send_persists" time="2.069" /><testcase classname="backend.tests.test_audit_iter20.TestChatFlowRegression" name="test_b_tina_chat_persists" time="4.861" /><testcase classname="backend.tests.test_audit_iter20.TestNegativeChecks" name="test_no_recent_500_from_new_hooks" time="0.002" /><testcase classname="backend.tests.test_audit_iter20.TestNegativeChecks" name="test_audit_failures_are_non_blocking" time="0.001" /><testcase classname="backend.tests.test_real_user_matchmaking" name="test_api_root_200" time="0.003" /><testcase classname="backend.tests.test_real_user_matchmaking" name="test_real_user_appears_in_bobs_feed" time="19.650"><failure message="AssertionError: Pool should be MIXED but no bots found. ids=['user_1f23065c10b7', 'user_eb876812aed7', 'user_535804cb9b4e', 'user_c17ddabc6d8a', 'user_d919377fe401', 'user_5528b42ded5d', 'user_262c93d377c1', 'user_fcc5a788fba8', 'user_3f186c662e77', 'user_7a2ef15cdfa7', 'user_eb876812aed7', 'user_2da5778c2a0c', 'user_b83309c1d73b', 'user_29b3a4e333a8']&#10;assert 0 &gt; 0&#10; +  where 0 = len([])">E   AssertionError: Pool should be MIXED but no bots found. ids=['user_1f23065c10b7', 'user_eb876812aed7', 'user_535804cb9b4e', 'user_c17ddabc6d8a', 'user_d919377fe401', 'user_5528b42ded5d', 'user_262c93d377c1', 'user_fcc5a788fba8', 'user_3f186c662e77', 'user_7a2ef15cdfa7', 'user_eb876812aed7', 'user_2da5778c2a0c', 'user_b83309c1d73b', 'user_29b3a4e333a8']
    assert 0 &gt; 0
     +  where 0 = len([])</failure></testcase><testcase classname="backend.tests.test_real_user_matchmaking" name="test_recency_boost_includes_carol" time="24.784" /><testcase classname="backend.tests.test_real_user_matchmaking" name="test_self_exclusion" time="28.400" /><testcase classname="backend.tests.test_real_user_matchmaking" name="test_is_bot_flag_consistency" time="29.274" /><testcase classname="backend.tests.test_real_user_matchmaking" name="test_cache_invalidation_on_new_signup" time="28.495" /><testcase classname="backend.tests.test_real_user_matchmaking" name="test_matches_with_no_profile_user_still_ok" time="20.548"><failure message="AssertionError: no bots returned — bot-only fallback broken&#10;assert 0 &gt; 0&#10; +  where 0 = len([])">E   AssertionError: no bots returned — bot-only fallback broken
    assert 0 &gt; 0
     +  where 0 = len([])</failure></testcase></testsuite></testsuites>