<?xml version="1.0" encoding="utf-8"?><testsuites name="pytest tests"><testsuite name="pytest" errors="0" failures="3" skipped="0" tests="47" time="229.812" timestamp="2026-06-30T03:11:32.148134+00:00" hostname="agent-env-afbbaeec-dfa2-4c42-a2b1-91b147e5eead"><testcase classname="tests.test_real_user_matchmaking" name="test_api_root_200" time="0.003" /><testcase classname="tests.test_real_user_matchmaking" name="test_real_user_appears_in_bobs_feed" time="29.046"><failure message="AssertionError: Pool should be MIXED but no bots found. ids=['user_c17ddabc6d8a', 'user_262c93d377c1', 'user_957c5f8c0315', 'user_07284fcd6abe', 'user_9221e02547e5', 'user_7a2ef15cdfa7', 'user_d919377fe401', 'user_29b3a4e333a8', 'user_c7372daf7188', 'user_398a1a0cc348', 'user_97a80b95fba1', 'user_f401c57902e9', 'user_9221e02547e5', 'user_b83309c1d73b', 'user_8067fa3b182d']&#10;assert 0 &gt; 0&#10; +  where 0 = len([])">tests/test_real_user_matchmaking.py:131: in test_real_user_appears_in_bobs_feed
    assert len(bot_ids) &gt; 0, f"Pool should be MIXED but no bots found. ids={ids}"
E   AssertionError: Pool should be MIXED but no bots found. ids=['user_c17ddabc6d8a', 'user_262c93d377c1', 'user_957c5f8c0315', 'user_07284fcd6abe', 'user_9221e02547e5', 'user_7a2ef15cdfa7', 'user_d919377fe401', 'user_29b3a4e333a8', 'user_c7372daf7188', 'user_398a1a0cc348', 'user_97a80b95fba1', 'user_f401c57902e9', 'user_9221e02547e5', 'user_b83309c1d73b', 'user_8067fa3b182d']
E   assert 0 &gt; 0
E    +  where 0 = len([])</failure></testcase><testcase classname="tests.test_real_user_matchmaking" name="test_recency_boost_includes_carol" time="14.526"><failure message="AssertionError: Carol (user_c17ddabc6d8a, newest signup) NOT in Bob's feed. Recency boost broken. ids=['user_29b3a4e333a8', 'user_5528b42ded5d', 'user_262c93d377c1', 'user_9221e02547e5', 'user_b83309c1d73b', 'user_7a2ef15cdfa7', 'user_97a80b95fba1', 'user_f401c57902e9', 'user_d919377fe401', 'user_c7372daf7188', 'user_fcc5a788fba8', 'user_277eb2a7c705']&#10;assert 'user_c17ddabc6d8a' in ['user_29b3a4e333a8', 'user_5528b42ded5d', 'user_262c93d377c1', 'user_9221e02547e5', 'user_b83309c1d73b', 'user_7a2ef15cdfa7', ...]">tests/test_real_user_matchmaking.py:147: in test_recency_boost_includes_carol
    assert carol in ids, (
E   AssertionError: Carol (user_c17ddabc6d8a, newest signup) NOT in Bob's feed. Recency boost broken. ids=['user_29b3a4e333a8', 'user_5528b42ded5d', 'user_262c93d377c1', 'user_9221e02547e5', 'user_b83309c1d73b', 'user_7a2ef15cdfa7', 'user_97a80b95fba1', 'user_f401c57902e9', 'user_d919377fe401', 'user_c7372daf7188', 'user_fcc5a788fba8', 'user_277eb2a7c705']
E   assert 'user_c17ddabc6d8a' in ['user_29b3a4e333a8', 'user_5528b42ded5d', 'user_262c93d377c1', 'user_9221e02547e5', 'user_b83309c1d73b', 'user_7a2ef15cdfa7', ...]</failure></testcase><testcase classname="tests.test_real_user_matchmaking" name="test_self_exclusion" time="7.593" /><testcase classname="tests.test_real_user_matchmaking" name="test_is_bot_flag_consistency" time="23.228" /><testcase classname="tests.test_real_user_matchmaking" name="test_cache_invalidation_on_new_signup" time="26.118" /><testcase classname="tests.test_real_user_matchmaking" name="test_matches_with_no_profile_user_still_ok" time="26.022"><failure message="AssertionError: no bots returned — bot-only fallback broken&#10;assert 0 &gt; 0&#10; +  where 0 = len([])">tests/test_real_user_matchmaking.py:232: in test_matches_with_no_profile_user_still_ok
    assert len(bot_ids) &gt; 0, "no bots returned — bot-only fallback broken"
E   AssertionError: no bots returned — bot-only fallback broken
E   assert 0 &gt; 0
E    +  where 0 = len([])</failure></testcase><testcase classname="tests.test_supabase_audit.TestBootstrap" name="test_api_root" time="0.047" /><testcase classname="tests.test_supabase_audit.TestAuthAudit" name="test_send_otp_and_verify" time="0.295" /><testcase classname="tests.test_supabase_audit.TestTinaChatAudit" name="test_welcome_back" time="0.003" /><testcase classname="tests.test_supabase_audit.TestTinaChatAudit" name="test_chat_returns_200_with_message" time="1.515" /><testcase classname="tests.test_supabase_audit.TestPictureUploadAudit" name="test_upload_returns_storage_url" time="2.757" /><testcase classname="tests.test_supabase_audit.TestUserChatAudit" name="test_init_mock_then_send" time="0.598" /><testcase classname="tests.test_supabase_audit.TestMatchAudit" name="test_matches_endpoint_200" time="13.171" /><testcase classname="tests.test_supabase_audit.TestUnmatchReportAudit" name="test_unmatch_returns_200" time="1.016" /><testcase classname="tests.test_supabase_audit.TestUnmatchReportAudit" name="test_report_returns_200" time="0.297" /><testcase classname="tests.test_supabase_audit.TestSupabasePersistence" name="test_user_pictures_row_landed" time="1.846" /><testcase classname="tests.test_supabase_audit.TestSupabasePersistence" name="test_tina_chat_messages_row_landed" time="1.303" /><testcase classname="tests.test_supabase_audit.TestSupabasePersistence" name="test_user_chat_messages_row_landed" time="1.304" /><testcase classname="tests.test_supabase_audit.TestSupabasePersistence" name="test_report_events_row_landed" time="1.302" /><testcase classname="tests.test_audit_iter20.TestBootstrap" name="test_api_root" time="0.023" /><testcase classname="tests.test_audit_iter20.TestBootstrap" name="test_audit_tables_present_in_backend_log" time="0.001" /><testcase classname="tests.test_audit_iter20.TestSignupFlowPersistence" name="test_a_login_audit_row_after_verify_otp" time="1.783" /><testcase classname="tests.test_audit_iter20.TestSignupFlowPersistence" name="test_b_profile_save_persists_to_supabase" time="4.632" /><testcase classname="tests.test_audit_iter20.TestSignupFlowPersistence" name="test_c_visibility_toggles_via_profile" time="0.318" /><testcase classname="tests.test_audit_iter20.TestSignupFlowPersistence" name="test_d_filters_persists_to_supabase" time="4.794" /><testcase classname="tests.test_audit_iter20.TestSignupFlowPersistence" name="test_e_mode_endpoint_adds_row" time="2.452" /><testcase classname="tests.test_audit_iter20.TestSignupFlowPersistence" name="test_f_pictures_batch_audit_NEW_HOOK" time="5.065" /><testcase classname="tests.test_audit_iter20.TestMatchFlowPersistence" name="test_a_matches_generated_event" time="29.509" /><testcase classname="tests.test_audit_iter20.TestMatchFlowPersistence" name="test_b_init_mock_then_accept_NEW_HOOK" time="4.715" /><testcase classname="tests.test_audit_iter20.TestMatchFlowPersistence" name="test_c_decline_NEW_HOOK" time="2.736" /><testcase classname="tests.test_audit_iter20.TestMatchFlowPersistence" name="test_d_unmatch_persists" time="2.382" /><testcase classname="tests.test_audit_iter20.TestMatchFlowPersistence" name="test_e_report_persists" time="2.393" /><testcase classname="tests.test_audit_iter20.TestMatchFlowPersistence" name="test_f_delete_NEW_HOOK" time="2.891" /><testcase classname="tests.test_audit_iter20.TestMatchFlowPersistence" name="test_g_meeting_report_NEW_HOOK" time="2.358" /><testcase classname="tests.test_audit_iter20.TestMatchFlowPersistence" name="test_h_meeting_status_NEW_HOOK" time="2.370" /><testcase classname="tests.test_audit_iter20.TestChatFlowRegression" name="test_a_chat_send_persists" time="2.115" /><testcase classname="tests.test_audit_iter20.TestChatFlowRegression" name="test_b_tina_chat_persists" time="3.200" /><testcase classname="tests.test_audit_iter20.TestNegativeChecks" name="test_no_recent_500_from_new_hooks" time="0.001" /><testcase classname="tests.test_audit_iter20.TestNegativeChecks" name="test_audit_failures_are_non_blocking" time="0.001" /><testcase classname="tests.test_iter24_header_optin.TestSanity" name="test_root_health" time="0.002" /><testcase classname="tests.test_iter24_header_optin.TestHeaderOptIn" name="test_2a_init_mock_without_header_is_skipped" time="0.338" /><testcase classname="tests.test_iter24_header_optin.TestHeaderOptIn" name="test_2b_init_mock_with_header_seeds" time="2.585" /><testcase classname="tests.test_iter24_header_optin.TestHeaderOptIn" name="test_2c_conversations_without_header_returns_existing_seeds" time="0.004" /><testcase classname="tests.test_iter24_header_optin.TestHeaderOptIn" name="test_2d_conversations_fresh_user_no_header_returns_empty" time="0.326" /><testcase classname="tests.test_iter24_header_optin.TestHeaderOptIn" name="test_2e_conversations_fresh_user_with_header_seeds_unmatched" time="0.334" /><testcase classname="tests.test_iter24_header_optin.TestRegression" name="test_5_fresh_user_no_header_chat_empty" time="0.329" /></testsuite></testsuites>