<?xml version="1.0" encoding="utf-8"?><testsuites name="pytest tests"><testsuite name="pytest" errors="0" failures="0" skipped="0" tests="19" time="15.011" timestamp="2026-06-30T20:18:58.603265+00:00" hostname="agent-env-afbbaeec-dfa2-4c42-a2b1-91b147e5eead"><testcase classname="tests.test_picture_upload_iter31.TestUploadHappyPath" name="test_upload_real_jpeg_returns_200" time="2.075" /><testcase classname="tests.test_picture_upload_iter31.TestUploadHappyPath" name="test_upload_webp_returns_200" time="0.764" /><testcase classname="tests.test_picture_upload_iter31.TestHEIFVariants" name="test_heif_brand_accepted[hvc1]" time="0.811" /><testcase classname="tests.test_picture_upload_iter31.TestHEIFVariants" name="test_heif_brand_accepted[heix]" time="0.785" /><testcase classname="tests.test_picture_upload_iter31.TestHEIFVariants" name="test_heif_brand_accepted[heim]" time="0.759" /><testcase classname="tests.test_picture_upload_iter31.TestHEIFVariants" name="test_heif_brand_accepted[heis]" time="0.801" /><testcase classname="tests.test_picture_upload_iter31.TestHEIFVariants" name="test_heif_brand_accepted[hevc]" time="0.774" /><testcase classname="tests.test_picture_upload_iter31.TestHEIFVariants" name="test_heif_brand_accepted[mif1]" time="0.750" /><testcase classname="tests.test_picture_upload_iter31.TestHEIFVariants" name="test_heif_brand_accepted[msf1]" time="0.782" /><testcase classname="tests.test_picture_upload_iter31.TestHEIFVariants" name="test_heif_brand_accepted[avif]" time="0.645" /><testcase classname="tests.test_picture_upload_iter31.TestUploadErrors" name="test_garbage_base64_returns_400" time="0.106" /><testcase classname="tests.test_picture_upload_iter31.TestUploadErrors" name="test_plain_text_payload_returns_400" time="0.110" /><testcase classname="tests.test_picture_upload_iter31.TestUploadErrors" name="test_oversized_payload_returns_400" time="0.893" /><testcase classname="tests.test_picture_upload_iter31.TestUploadAuth" name="test_upload_without_auth_returns_401" time="0.120" /><testcase classname="tests.test_picture_upload_iter31.TestUploadAuth" name="test_bola_upload_to_other_user_returns_404" time="0.561" /><testcase classname="tests.test_picture_upload_iter31.TestBatchUpload" name="test_batch_upload_three_pictures" time="3.193" /><testcase classname="tests.test_picture_upload_iter31.TestBatchUpload" name="test_batch_bola_returns_404" time="0.113" /><testcase classname="tests.test_picture_upload_iter31.TestBatchUpload" name="test_batch_without_auth_returns_401" time="0.104" /><testcase classname="tests.test_picture_upload_iter31.TestPersistence" name="test_get_pictures_after_upload" time="0.806" /></testsuite></testsuites>