<?xml version="1.0" encoding="utf-8"?><testsuites name="pytest tests"><testsuite name="pytest" errors="0" failures="3" skipped="0" tests="45" time="323.817" timestamp="2026-06-30T05:15:15.430439+00:00" hostname="agent-env-afbbaeec-dfa2-4c42-a2b1-91b147e5eead"><testcase classname="backend.tests.test_matches_dedup_iter29" name="test_api_root_200" time="10.011"><failure message="requests.exceptions.ReadTimeout: HTTPConnectionPool(host='localhost', port=8001): Read timed out. (read timeout=10)">/root/.venv/lib/python3.11/site-packages/urllib3/connectionpool.py:534: in _make_request
    response = conn.getresponse()
               ^^^^^^^^^^^^^^^^^^
/root/.venv/lib/python3.11/site-packages/urllib3/connection.py:571: in getresponse
    httplib_response = super().getresponse()
                       ^^^^^^^^^^^^^^^^^^^^^
/usr/local/lib/python3.11/http/client.py:1415: in getresponse
    response.begin()
/usr/local/lib/python3.11/http/client.py:330: in begin
    version, status, reason = self._read_status()
                              ^^^^^^^^^^^^^^^^^^^
/usr/local/lib/python3.11/http/client.py:291: in _read_status
    line = str(self.fp.readline(_MAXLINE + 1), "iso-8859-1")
               ^^^^^^^^^^^^^^^^^^^^^^^^^^^^^^
/usr/local/lib/python3.11/socket.py:718: in readinto
    return self._sock.recv_into(b)
           ^^^^^^^^^^^^^^^^^^^^^^^
E   TimeoutError: timed out

The above exception was the direct cause of the following exception:
/root/.venv/lib/python3.11/site-packages/requests/adapters.py:644: in send
    resp = conn.urlopen(
/root/.venv/lib/python3.11/site-packages/urllib3/connectionpool.py:841: in urlopen
    retries = retries.increment(
/root/.venv/lib/python3.11/site-packages/urllib3/util/retry.py:490: in increment
    raise reraise(type(error), error, _stacktrace)
          ^^^^^^^^^^^^^^^^^^^^^^^^^^^^^^^^^^^^^^^^
/root/.venv/lib/python3.11/site-packages/urllib3/util/util.py:39: in reraise
    raise value
/root/.venv/lib/python3.11/site-packages/urllib3/connectionpool.py:787: in urlopen
    response = self._make_request(
/root/.venv/lib/python3.11/site-packages/urllib3/connectionpool.py:536: in _make_request
    self._raise_timeout(err=e, url=url, timeout_value=read_timeout)
/root/.venv/lib/python3.11/site-packages/urllib3/connectionpool.py:367: in _raise_timeout
    raise ReadTimeoutError(
E   urllib3.exceptions.ReadTimeoutError: HTTPConnectionPool(host='localhost', port=8001): Read timed out. (read timeout=10)

During handling of the above exception, another exception occurred:
backend/tests/test_matches_dedup_iter29.py:51: in test_api_root_200
    r = requests.get(f"{API}/", timeout=10)
        ^^^^^^^^^^^^^^^^^^^^^^^^^^^^^^^^^^^
/root/.venv/lib/python3.11/site-packages/requests/api.py:73: in get
    return request("get", url, params=params, **kwargs)
           ^^^^^^^^^^^^^^^^^^^^^^^^^^^^^^^^^^^^^^^^^^^^
/root/.venv/lib/python3.11/site-packages/requests/api.py:59: in request
    return session.request(method=method, url=url, **kwargs)
           ^^^^^^^^^^^^^^^^^^^^^^^^^^^^^^^^^^^^^^^^^^^^^^^^^
/root/.venv/lib/python3.11/site-packages/requests/sessions.py:589: in request
    resp = self.send(prep, **send_kwargs)
           ^^^^^^^^^^^^^^^^^^^^^^^^^^^^^^
/root/.venv/lib/python3.11/site-packages/requests/sessions.py:703: in send
    r = adapter.send(request, **kwargs)
        ^^^^^^^^^^^^^^^^^^^^^^^^^^^^^^^
/root/.venv/lib/python3.11/site-packages/requests/adapters.py:690: in send
    raise ReadTimeout(e, request=request)
E   requests.exceptions.ReadTimeout: HTTPConnectionPool(host='localhost', port=8001): Read timed out. (read timeout=10)</failure></testcase><testcase classname="backend.tests.test_matches_dedup_iter29" name="test_matches_response_has_unique_user_ids" time="34.019" /><testcase classname="backend.tests.test_matches_dedup_iter29" name="test_matches_default_limit_capped_at_20_and_unique" time="14.110" /><testcase classname="backend.tests.test_matches_dedup_iter29" name="test_induced_duplicate_is_deduped_by_backend" time="13.304" /><testcase classname="backend.tests.test_matches_dedup_iter29" name="test_is_bot_flag_present_after_dedup" time="8.771" /><testcase classname="backend.tests.test_real_user_matchmaking" name="test_api_root_200" time="0.002" /><testcase classname="backend.tests.test_real_user_matchmaking" name="test_real_user_appears_in_bobs_feed" time="33.515"><failure message="AssertionError: Pool should be MIXED but no bots found. ids=['user_b83309c1d73b', 'user_9221e02547e5', 'user_8067fa3b182d', 'user_29b3a4e333a8', 'user_5528b42ded5d', 'user_d919377fe401', 'user_c17ddabc6d8a', 'user_2da5778c2a0c', 'user_1d8813ca4bf4', 'user_eb876812aed7', 'user_1f23065c10b7', 'user_2e1709289319', 'user_3de331da1085', 'user_3b7f113e30ca', 'user_89618222ecff']&#10;assert 0 &gt; 0&#10; +  where 0 = len([])">backend/tests/test_real_user_matchmaking.py:131: in test_real_user_appears_in_bobs_feed
    assert len(bot_ids) &gt; 0, f"Pool should be MIXED but no bots found. ids={ids}"
E   AssertionError: Pool should be MIXED but no bots found. ids=['user_b83309c1d73b', 'user_9221e02547e5', 'user_8067fa3b182d', 'user_29b3a4e333a8', 'user_5528b42ded5d', 'user_d919377fe401', 'user_c17ddabc6d8a', 'user_2da5778c2a0c', 'user_1d8813ca4bf4', 'user_eb876812aed7', 'user_1f23065c10b7', 'user_2e1709289319', 'user_3de331da1085', 'user_3b7f113e30ca', 'user_89618222ecff']
E   assert 0 &gt; 0
E    +  where 0 = len([])</failure></testcase><testcase classname="backend.tests.test_real_user_matchmaking" name="test_recency_boost_includes_carol" time="18.927" /><testcase classname="backend.tests.test_real_user_matchmaking" name="test_self_exclusion" time="18.906" /><testcase classname="backend.tests.test_real_user_matchmaking" name="test_is_bot_flag_consistency" time="8.809" /><testcase classname="backend.tests.test_real_user_matchmaking" name="test_cache_invalidation_on_new_signup" time="57.705" /><testcase classname="backend.tests.test_real_user_matchmaking" name="test_matches_with_no_profile_user_still_ok" time="17.505"><failure message="AssertionError: no bots returned — bot-only fallback broken&#10;assert 0 &gt; 0&#10; +  where 0 = len([])">backend/tests/test_real_user_matchmaking.py:232: in test_matches_with_no_profile_user_still_ok
    assert len(bot_ids) &gt; 0, "no bots returned — bot-only fallback broken"
E   AssertionError: no bots returned — bot-only fallback broken
E   assert 0 &gt; 0
E    +  where 0 = len([])</failure></testcase><testcase classname="backend.tests.test_supabase_audit.TestBootstrap" name="test_api_root" time="0.025" /><testcase classname="backend.tests.test_supabase_audit.TestAuthAudit" name="test_send_otp_and_verify" time="0.334" /><testcase classname="backend.tests.test_supabase_audit.TestTinaChatAudit" name="test_welcome_back" time="0.006" /><testcase classname="backend.tests.test_supabase_audit.TestTinaChatAudit" name="test_chat_returns_200_with_message" time="1.651" /><testcase classname="backend.tests.test_supabase_audit.TestPictureUploadAudit" name="test_upload_returns_storage_url" time="2.341" /><testcase classname="backend.tests.test_supabase_audit.TestUserChatAudit" name="test_init_mock_then_send" time="2.593" /><testcase classname="backend.tests.test_supabase_audit.TestMatchAudit" name="test_matches_endpoint_200" time="1.553" /><testcase classname="backend.tests.test_supabase_audit.TestUnmatchReportAudit" name="test_unmatch_returns_200" time="0.322" /><testcase classname="backend.tests.test_supabase_audit.TestUnmatchReportAudit" name="test_report_returns_200" time="0.326" /><testcase classname="backend.tests.test_supabase_audit.TestSupabasePersistence" name="test_user_pictures_row_landed" time="1.904" /><testcase classname="backend.tests.test_supabase_audit.TestSupabasePersistence" name="test_tina_chat_messages_row_landed" time="1.302" /><testcase classname="backend.tests.test_supabase_audit.TestSupabasePersistence" name="test_user_chat_messages_row_landed" time="1.301" /><testcase classname="backend.tests.test_supabase_audit.TestSupabasePersistence" name="test_report_events_row_landed" time="1.300" /><testcase classname="backend.tests.test_audit_iter20.TestBootstrap" name="test_api_root" time="0.025" /><testcase classname="backend.tests.test_audit_iter20.TestBootstrap" name="test_audit_tables_present_in_backend_log" time="0.004" /><testcase classname="backend.tests.test_audit_iter20.TestSignupFlowPersistence" name="test_a_login_audit_row_after_verify_otp" time="1.745" /><testcase classname="backend.tests.test_audit_iter20.TestSignupFlowPersistence" name="test_b_profile_save_persists_to_supabase" time="4.541" /><testcase classname="backend.tests.test_audit_iter20.TestSignupFlowPersistence" name="test_c_visibility_toggles_via_profile" time="0.295" /><testcase classname="backend.tests.test_audit_iter20.TestSignupFlowPersistence" name="test_d_filters_persists_to_supabase" time="4.709" /><testcase classname="backend.tests.test_audit_iter20.TestSignupFlowPersistence" name="test_e_mode_endpoint_adds_row" time="2.386" /><testcase classname="backend.tests.test_audit_iter20.TestSignupFlowPersistence" name="test_f_pictures_batch_audit_NEW_HOOK" time="5.105" /><testcase classname="backend.tests.test_audit_iter20.TestMatchFlowPersistence" name="test_a_matches_generated_event" time="28.765" /><testcase classname="backend.tests.test_audit_iter20.TestMatchFlowPersistence" name="test_b_init_mock_then_accept_NEW_HOOK" time="4.456" /><testcase classname="backend.tests.test_audit_iter20.TestMatchFlowPersistence" name="test_c_decline_NEW_HOOK" time="2.712" /><testcase classname="backend.tests.test_audit_iter20.TestMatchFlowPersistence" name="test_d_unmatch_persists" time="2.427" /><testcase classname="backend.tests.test_audit_iter20.TestMatchFlowPersistence" name="test_e_report_persists" time="2.402" /><testcase classname="backend.tests.test_audit_iter20.TestMatchFlowPersistence" name="test_f_delete_NEW_HOOK" time="2.412" /><testcase classname="backend.tests.test_audit_iter20.TestMatchFlowPersistence" name="test_g_meeting_report_NEW_HOOK" time="2.407" /><testcase classname="backend.tests.test_audit_iter20.TestMatchFlowPersistence" name="test_h_meeting_status_NEW_HOOK" time="2.393" /><testcase classname="backend.tests.test_audit_iter20.TestChatFlowRegression" name="test_a_chat_send_persists" time="2.093" /><testcase classname="backend.tests.test_audit_iter20.TestChatFlowRegression" name="test_b_tina_chat_persists" time="4.152" /><testcase classname="backend.tests.test_audit_iter20.TestNegativeChecks" name="test_no_recent_500_from_new_hooks" time="0.001" /><testcase classname="backend.tests.test_audit_iter20.TestNegativeChecks" name="test_audit_failures_are_non_blocking" time="0.002" /></testsuite></testsuites>