<?xml version="1.0" encoding="utf-8"?><testsuites name="pytest tests"><testsuite name="pytest" errors="0" failures="1" skipped="0" tests="8" time="30.188" timestamp="2026-06-30T03:08:40.263703+00:00" hostname="agent-env-afbbaeec-dfa2-4c42-a2b1-91b147e5eead"><testcase classname="tests.test_launch_prep_iter22" name="test_api_root_200" time="0.003" /><testcase classname="tests.test_launch_prep_iter22" name="test_init_mock_skipped_in_production" time="4.462" /><testcase classname="tests.test_launch_prep_iter22" name="test_match_history_no_auto_seed" time="0.002" /><testcase classname="tests.test_launch_prep_iter22" name="test_chat_conversations_empty_for_new_user" time="0.003" /><testcase classname="tests.test_launch_prep_iter22" name="test_real_to_real_does_not_trigger_auto_reply" time="5.624" /><testcase classname="tests.test_launch_prep_iter22" name="test_real_to_bot_triggers_auto_reply" time="12.637" /><testcase classname="tests.test_launch_prep_iter22" name="test_tina_post_onboarding_uses_profile" time="1.739" /><testcase classname="tests.test_launch_prep_iter22" name="test_matchmaking_mixed_pool" time="5.643"><failure message="AssertionError: No bots in /matches pool of 3. sample ids=['user_29b3a4e333a8', 'user_c7372daf7188', 'user_676f2de0dddc']. Mock pool has 35 bots — they must survive the top-N cut at limit=200.&#10;assert []">tests/test_launch_prep_iter22.py:321: in test_matchmaking_mixed_pool
    assert bots, (
E   AssertionError: No bots in /matches pool of 3. sample ids=['user_29b3a4e333a8', 'user_c7372daf7188', 'user_676f2de0dddc']. Mock pool has 35 bots — they must survive the top-N cut at limit=200.
E   assert []</failure></testcase></testsuite></testsuites>