<?xml version="1.0" encoding="utf-8"?><testsuites name="pytest tests"><testsuite name="pytest" errors="0" failures="0" skipped="0" tests="8" time="38.751" timestamp="2026-06-30T02:30:28.900895+00:00" hostname="agent-env-afbbaeec-dfa2-4c42-a2b1-91b147e5eead"><testcase classname="backend.tests.test_launch_prep_iter22" name="test_api_root_200" time="0.003" /><testcase classname="backend.tests.test_launch_prep_iter22" name="test_init_mock_skipped_in_production" time="4.241" /><testcase classname="backend.tests.test_launch_prep_iter22" name="test_match_history_no_auto_seed" time="0.003" /><testcase classname="backend.tests.test_launch_prep_iter22" name="test_chat_conversations_empty_for_new_user" time="0.003" /><testcase classname="backend.tests.test_launch_prep_iter22" name="test_real_to_real_does_not_trigger_auto_reply" time="5.585" /><testcase classname="backend.tests.test_launch_prep_iter22" name="test_real_to_bot_triggers_auto_reply" time="12.697" /><testcase classname="backend.tests.test_launch_prep_iter22" name="test_tina_post_onboarding_uses_profile" time="1.915" /><testcase classname="backend.tests.test_launch_prep_iter22" name="test_matchmaking_mixed_pool" time="14.254" /></testsuite></testsuites>