<?xml version="1.0" encoding="utf-8"?><testsuites name="pytest tests"><testsuite name="pytest" errors="0" failures="0" skipped="0" tests="33" time="99.614" timestamp="2026-06-30T03:44:22.478848+00:00" hostname="agent-env-afbbaeec-dfa2-4c42-a2b1-91b147e5eead"><testcase classname="backend.tests.test_supabase_audit.TestBootstrap" name="test_api_root" time="0.048" /><testcase classname="backend.tests.test_supabase_audit.TestAuthAudit" name="test_send_otp_and_verify" time="0.409" /><testcase classname="backend.tests.test_supabase_audit.TestTinaChatAudit" name="test_welcome_back" time="0.003" /><testcase classname="backend.tests.test_supabase_audit.TestTinaChatAudit" name="test_chat_returns_200_with_message" time="1.678" /><testcase classname="backend.tests.test_supabase_audit.TestPictureUploadAudit" name="test_upload_returns_storage_url" time="2.437" /><testcase classname="backend.tests.test_supabase_audit.TestUserChatAudit" name="test_init_mock_then_send" time="2.563" /><testcase classname="backend.tests.test_supabase_audit.TestMatchAudit" name="test_matches_endpoint_200" time="27.527" /><testcase classname="backend.tests.test_supabase_audit.TestUnmatchReportAudit" name="test_unmatch_returns_200" time="0.935" /><testcase classname="backend.tests.test_supabase_audit.TestUnmatchReportAudit" name="test_report_returns_200" time="0.270" /><testcase classname="backend.tests.test_supabase_audit.TestSupabasePersistence" name="test_user_pictures_row_landed" time="1.877" /><testcase classname="backend.tests.test_supabase_audit.TestSupabasePersistence" name="test_tina_chat_messages_row_landed" time="1.325" /><testcase classname="backend.tests.test_supabase_audit.TestSupabasePersistence" name="test_user_chat_messages_row_landed" time="1.724" /><testcase classname="backend.tests.test_supabase_audit.TestSupabasePersistence" name="test_report_events_row_landed" time="1.318" /><testcase classname="backend.tests.test_audit_iter20.TestBootstrap" name="test_api_root" time="0.023" /><testcase classname="backend.tests.test_audit_iter20.TestBootstrap" name="test_audit_tables_present_in_backend_log" time="0.001" /><testcase classname="backend.tests.test_audit_iter20.TestSignupFlowPersistence" name="test_a_login_audit_row_after_verify_otp" time="1.733" /><testcase classname="backend.tests.test_audit_iter20.TestSignupFlowPersistence" name="test_b_profile_save_persists_to_supabase" time="4.581" /><testcase classname="backend.tests.test_audit_iter20.TestSignupFlowPersistence" name="test_c_visibility_toggles_via_profile" time="0.267" /><testcase classname="backend.tests.test_audit_iter20.TestSignupFlowPersistence" name="test_d_filters_persists_to_supabase" time="4.753" /><testcase classname="backend.tests.test_audit_iter20.TestSignupFlowPersistence" name="test_e_mode_endpoint_adds_row" time="2.370" /><testcase classname="backend.tests.test_audit_iter20.TestSignupFlowPersistence" name="test_f_pictures_batch_audit_NEW_HOOK" time="5.124" /><testcase classname="backend.tests.test_audit_iter20.TestMatchFlowPersistence" name="test_a_matches_generated_event" time="11.839" /><testcase classname="backend.tests.test_audit_iter20.TestMatchFlowPersistence" name="test_b_init_mock_then_accept_NEW_HOOK" time="4.733" /><testcase classname="backend.tests.test_audit_iter20.TestMatchFlowPersistence" name="test_c_decline_NEW_HOOK" time="2.797" /><testcase classname="backend.tests.test_audit_iter20.TestMatchFlowPersistence" name="test_d_unmatch_persists" time="2.478" /><testcase classname="backend.tests.test_audit_iter20.TestMatchFlowPersistence" name="test_e_report_persists" time="2.469" /><testcase classname="backend.tests.test_audit_iter20.TestMatchFlowPersistence" name="test_f_delete_NEW_HOOK" time="2.460" /><testcase classname="backend.tests.test_audit_iter20.TestMatchFlowPersistence" name="test_g_meeting_report_NEW_HOOK" time="2.481" /><testcase classname="backend.tests.test_audit_iter20.TestMatchFlowPersistence" name="test_h_meeting_status_NEW_HOOK" time="2.454" /><testcase classname="backend.tests.test_audit_iter20.TestChatFlowRegression" name="test_a_chat_send_persists" time="2.142" /><testcase classname="backend.tests.test_audit_iter20.TestChatFlowRegression" name="test_b_tina_chat_persists" time="4.688" /><testcase classname="backend.tests.test_audit_iter20.TestNegativeChecks" name="test_no_recent_500_from_new_hooks" time="0.002" /><testcase classname="backend.tests.test_audit_iter20.TestNegativeChecks" name="test_audit_failures_are_non_blocking" time="0.001" /></testsuite></testsuites>