<?xml version="1.0" encoding="utf-8"?><testsuites name="pytest tests"><testsuite name="pytest" errors="0" failures="5" skipped="0" tests="47" time="206.966" timestamp="2026-06-30T03:00:44.140303+00:00" hostname="agent-env-afbbaeec-dfa2-4c42-a2b1-91b147e5eead"><testcase classname="backend.tests.test_supabase_audit.TestBootstrap" name="test_api_root" time="0.048" /><testcase classname="backend.tests.test_supabase_audit.TestAuthAudit" name="test_send_otp_and_verify" time="0.288" /><testcase classname="backend.tests.test_supabase_audit.TestTinaChatAudit" name="test_welcome_back" time="0.003" /><testcase classname="backend.tests.test_supabase_audit.TestTinaChatAudit" name="test_chat_returns_200_with_message" time="1.495" /><testcase classname="backend.tests.test_supabase_audit.TestPictureUploadAudit" name="test_upload_returns_storage_url" time="2.865" /><testcase classname="backend.tests.test_supabase_audit.TestUserChatAudit" name="test_init_mock_then_send" time="0.587" /><testcase classname="backend.tests.test_supabase_audit.TestMatchAudit" name="test_matches_endpoint_200" time="14.261" /><testcase classname="backend.tests.test_supabase_audit.TestUnmatchReportAudit" name="test_unmatch_returns_200" time="2.662" /><testcase classname="backend.tests.test_supabase_audit.TestUnmatchReportAudit" name="test_report_returns_200" time="0.321" /><testcase classname="backend.tests.test_supabase_audit.TestSupabasePersistence" name="test_user_pictures_row_landed" time="2.362" /><testcase classname="backend.tests.test_supabase_audit.TestSupabasePersistence" name="test_tina_chat_messages_row_landed" time="1.316" /><testcase classname="backend.tests.test_supabase_audit.TestSupabasePersistence" name="test_user_chat_messages_row_landed" time="1.273" /><testcase classname="backend.tests.test_supabase_audit.TestSupabasePersistence" name="test_report_events_row_landed" time="1.279" /><testcase classname="backend.tests.test_audit_iter20.TestBootstrap" name="test_api_root" time="0.023" /><testcase classname="backend.tests.test_audit_iter20.TestBootstrap" name="test_audit_tables_present_in_backend_log" time="0.001" /><testcase classname="backend.tests.test_audit_iter20.TestSignupFlowPersistence" name="test_a_login_audit_row_after_verify_otp" time="1.724" /><testcase classname="backend.tests.test_audit_iter20.TestSignupFlowPersistence" name="test_b_profile_save_persists_to_supabase" time="4.570" /><testcase classname="backend.tests.test_audit_iter20.TestSignupFlowPersistence" name="test_c_visibility_toggles_via_profile" time="0.295" /><testcase classname="backend.tests.test_audit_iter20.TestSignupFlowPersistence" name="test_d_filters_persists_to_supabase" time="5.288" /><testcase classname="backend.tests.test_audit_iter20.TestSignupFlowPersistence" name="test_e_mode_endpoint_adds_row" time="2.396" /><testcase classname="backend.tests.test_audit_iter20.TestSignupFlowPersistence" name="test_f_pictures_batch_audit_NEW_HOOK" time="5.167" /><testcase classname="backend.tests.test_audit_iter20.TestMatchFlowPersistence" name="test_a_matches_generated_event" time="16.497" /><testcase classname="backend.tests.test_audit_iter20.TestMatchFlowPersistence" name="test_b_init_mock_then_accept_NEW_HOOK" time="5.373" /><testcase classname="backend.tests.test_audit_iter20.TestMatchFlowPersistence" name="test_c_decline_NEW_HOOK" time="2.732" /><testcase classname="backend.tests.test_audit_iter20.TestMatchFlowPersistence" name="test_d_unmatch_persists" time="2.415" /><testcase classname="backend.tests.test_audit_iter20.TestMatchFlowPersistence" name="test_e_report_persists" time="3.290" /><testcase classname="backend.tests.test_audit_iter20.TestMatchFlowPersistence" name="test_f_delete_NEW_HOOK" time="2.381" /><testcase classname="backend.tests.test_audit_iter20.TestMatchFlowPersistence" name="test_g_meeting_report_NEW_HOOK" time="2.357" /><testcase classname="backend.tests.test_audit_iter20.TestMatchFlowPersistence" name="test_h_meeting_status_NEW_HOOK" time="2.356" /><testcase classname="backend.tests.test_audit_iter20.TestChatFlowRegression" name="test_a_chat_send_persists" time="2.226" /><testcase classname="backend.tests.test_audit_iter20.TestChatFlowRegression" name="test_b_tina_chat_persists" time="3.180" /><testcase classname="backend.tests.test_audit_iter20.TestNegativeChecks" name="test_no_recent_500_from_new_hooks" time="0.001" /><testcase classname="backend.tests.test_audit_iter20.TestNegativeChecks" name="test_audit_failures_are_non_blocking" time="0.001" /><testcase classname="backend.tests.test_iter24_header_optin.TestSanity" name="test_root_health" time="0.004" /><testcase classname="backend.tests.test_iter24_header_optin.TestHeaderOptIn" name="test_2a_init_mock_without_header_is_skipped" time="0.340" /><testcase classname="backend.tests.test_iter24_header_optin.TestHeaderOptIn" name="test_2b_init_mock_with_header_seeds" time="15.362"><failure message="requests.exceptions.ReadTimeout: HTTPConnectionPool(host='localhost', port=8001): Read timed out. (read timeout=15)">/root/.venv/lib/python3.11/site-packages/urllib3/connectionpool.py:534: in _make_request
    response = conn.getresponse()
               ^^^^^^^^^^^^^^^^^^
/root/.venv/lib/python3.11/site-packages/urllib3/connection.py:571: in getresponse
    httplib_response = super().getresponse()
                       ^^^^^^^^^^^^^^^^^^^^^
/usr/local/lib/python3.11/http/client.py:1415: in getresponse
    response.begin()
/usr/local/lib/python3.11/http/client.py:330: in begin
    version, status, reason = self._read_status()
                              ^^^^^^^^^^^^^^^^^^^
/usr/local/lib/python3.11/http/client.py:291: in _read_status
    line = str(self.fp.readline(_MAXLINE + 1), "iso-8859-1")
               ^^^^^^^^^^^^^^^^^^^^^^^^^^^^^^
/usr/local/lib/python3.11/socket.py:718: in readinto
    return self._sock.recv_into(b)
           ^^^^^^^^^^^^^^^^^^^^^^^
E   TimeoutError: timed out

The above exception was the direct cause of the following exception:
/root/.venv/lib/python3.11/site-packages/requests/adapters.py:644: in send
    resp = conn.urlopen(
/root/.venv/lib/python3.11/site-packages/urllib3/connectionpool.py:841: in urlopen
    retries = retries.increment(
/root/.venv/lib/python3.11/site-packages/urllib3/util/retry.py:490: in increment
    raise reraise(type(error), error, _stacktrace)
          ^^^^^^^^^^^^^^^^^^^^^^^^^^^^^^^^^^^^^^^^
/root/.venv/lib/python3.11/site-packages/urllib3/util/util.py:39: in reraise
    raise value
/root/.venv/lib/python3.11/site-packages/urllib3/connectionpool.py:787: in urlopen
    response = self._make_request(
/root/.venv/lib/python3.11/site-packages/urllib3/connectionpool.py:536: in _make_request
    self._raise_timeout(err=e, url=url, timeout_value=read_timeout)
/root/.venv/lib/python3.11/site-packages/urllib3/connectionpool.py:367: in _raise_timeout
    raise ReadTimeoutError(
E   urllib3.exceptions.ReadTimeoutError: HTTPConnectionPool(host='localhost', port=8001): Read timed out. (read timeout=15)

During handling of the above exception, another exception occurred:
backend/tests/test_iter24_header_optin.py:76: in test_2b_init_mock_with_header_seeds
    r = requests.post(
/root/.venv/lib/python3.11/site-packages/requests/api.py:115: in post
    return request("post", url, data=data, json=json, **kwargs)
           ^^^^^^^^^^^^^^^^^^^^^^^^^^^^^^^^^^^^^^^^^^^^^^^^^^^^
/root/.venv/lib/python3.11/site-packages/requests/api.py:59: in request
    return session.request(method=method, url=url, **kwargs)
           ^^^^^^^^^^^^^^^^^^^^^^^^^^^^^^^^^^^^^^^^^^^^^^^^^
/root/.venv/lib/python3.11/site-packages/requests/sessions.py:589: in request
    resp = self.send(prep, **send_kwargs)
           ^^^^^^^^^^^^^^^^^^^^^^^^^^^^^^
/root/.venv/lib/python3.11/site-packages/requests/sessions.py:703: in send
    r = adapter.send(request, **kwargs)
        ^^^^^^^^^^^^^^^^^^^^^^^^^^^^^^^
/root/.venv/lib/python3.11/site-packages/requests/adapters.py:690: in send
    raise ReadTimeout(e, request=request)
E   requests.exceptions.ReadTimeout: HTTPConnectionPool(host='localhost', port=8001): Read timed out. (read timeout=15)</failure></testcase><testcase classname="backend.tests.test_iter24_header_optin.TestHeaderOptIn" name="test_2c_conversations_without_header_returns_existing_seeds" time="0.000"><failure message="AssertionError: test_2b did not run / set uid&#10;assert None">backend/tests/test_iter24_header_optin.py:100: in test_2c_conversations_without_header_returns_existing_seeds
    assert uid, "test_2b did not run / set uid"
E   AssertionError: test_2b did not run / set uid
E   assert None</failure></testcase><testcase classname="backend.tests.test_iter24_header_optin.TestHeaderOptIn" name="test_2d_conversations_fresh_user_no_header_returns_empty" time="1.321" /><testcase classname="backend.tests.test_iter24_header_optin.TestHeaderOptIn" name="test_2e_conversations_fresh_user_with_header_seeds_unmatched" time="1.673" /><testcase classname="backend.tests.test_iter24_header_optin.TestRegression" name="test_5_fresh_user_no_header_chat_empty" time="0.285" /><testcase classname="backend.tests.test_real_user_matchmaking" name="test_api_root_200" time="0.002" /><testcase classname="backend.tests.test_real_user_matchmaking" name="test_real_user_appears_in_bobs_feed" time="20.874"><failure message="AssertionError: Pool should be MIXED but no bots found. ids=['user_c7372daf7188', 'user_97a80b95fba1', 'user_262c93d377c1', 'user_5528b42ded5d', 'user_fcc5a788fba8', 'user_52df56334a96', 'user_9b2bac15f5fb', 'user_7a2ef15cdfa7', 'user_676f2de0dddc', 'user_57b202825443', 'user_9247c6f9ad78', 'user_5583c13a423b', 'user_398a1a0cc348', 'user_07284fcd6abe', 'user_9221e02547e5']&#10;assert 0 &gt; 0&#10; +  where 0 = len([])">backend/tests/test_real_user_matchmaking.py:131: in test_real_user_appears_in_bobs_feed
    assert len(bot_ids) &gt; 0, f"Pool should be MIXED but no bots found. ids={ids}"
E   AssertionError: Pool should be MIXED but no bots found. ids=['user_c7372daf7188', 'user_97a80b95fba1', 'user_262c93d377c1', 'user_5528b42ded5d', 'user_fcc5a788fba8', 'user_52df56334a96', 'user_9b2bac15f5fb', 'user_7a2ef15cdfa7', 'user_676f2de0dddc', 'user_57b202825443', 'user_9247c6f9ad78', 'user_5583c13a423b', 'user_398a1a0cc348', 'user_07284fcd6abe', 'user_9221e02547e5']
E   assert 0 &gt; 0
E    +  where 0 = len([])</failure></testcase><testcase classname="backend.tests.test_real_user_matchmaking" name="test_recency_boost_includes_carol" time="11.976" /><testcase classname="backend.tests.test_real_user_matchmaking" name="test_self_exclusion" time="14.772" /><testcase classname="backend.tests.test_real_user_matchmaking" name="test_is_bot_flag_consistency" time="17.017" /><testcase classname="backend.tests.test_real_user_matchmaking" name="test_cache_invalidation_on_new_signup" time="16.649"><failure message="AssertionError: Dave (user_2da5778c2a0c) NOT in Bob's feed after fresh signup — cache invalidation broken. ids=['user_fcc5a788fba8', 'user_262c93d377c1', 'user_277eb2a7c705', 'user_b83309c1d73b', 'user_9b2bac15f5fb', 'user_f401c57902e9', 'user_957c5f8c0315', 'user_9221e02547e5', 'user_c7372daf7188', 'user_e3943413b9d9', 'user_676f2de0dddc', 'user_7a2ef15cdfa7', 'user_398a1a0cc348', 'user_97a80b95fba1']&#10;assert 'user_2da5778c2a0c' in ['user_fcc5a788fba8', 'user_262c93d377c1', 'user_277eb2a7c705', 'user_b83309c1d73b', 'user_9b2bac15f5fb', 'user_f401c57902e9', ...]">backend/tests/test_real_user_matchmaking.py:209: in test_cache_invalidation_on_new_signup
    assert dave_id in ids, (
E   AssertionError: Dave (user_2da5778c2a0c) NOT in Bob's feed after fresh signup — cache invalidation broken. ids=['user_fcc5a788fba8', 'user_262c93d377c1', 'user_277eb2a7c705', 'user_b83309c1d73b', 'user_9b2bac15f5fb', 'user_f401c57902e9', 'user_957c5f8c0315', 'user_9221e02547e5', 'user_c7372daf7188', 'user_e3943413b9d9', 'user_676f2de0dddc', 'user_7a2ef15cdfa7', 'user_398a1a0cc348', 'user_97a80b95fba1']
E   assert 'user_2da5778c2a0c' in ['user_fcc5a788fba8', 'user_262c93d377c1', 'user_277eb2a7c705', 'user_b83309c1d73b', 'user_9b2bac15f5fb', 'user_f401c57902e9', ...]</failure></testcase><testcase classname="backend.tests.test_real_user_matchmaking" name="test_matches_with_no_profile_user_still_ok" time="15.396"><failure message="AssertionError: no bots returned — bot-only fallback broken&#10;assert 0 &gt; 0&#10; +  where 0 = len([])">backend/tests/test_real_user_matchmaking.py:232: in test_matches_with_no_profile_user_still_ok
    assert len(bot_ids) &gt; 0, "no bots returned — bot-only fallback broken"
E   AssertionError: no bots returned — bot-only fallback broken
E   assert 0 &gt; 0
E    +  where 0 = len([])</failure></testcase></testsuite></testsuites>