<?xml version="1.0" encoding="utf-8"?><testsuites name="pytest tests"><testsuite name="pytest" errors="0" failures="1" skipped="0" tests="21" time="64.674" timestamp="2026-06-30T02:42:23.366493+00:00" hostname="agent-env-afbbaeec-dfa2-4c42-a2b1-91b147e5eead"><testcase classname="backend.tests.test_launch_prep_iter22" name="test_api_root_200" time="0.003" /><testcase classname="backend.tests.test_launch_prep_iter22" name="test_init_mock_skipped_in_production" time="4.212" /><testcase classname="backend.tests.test_launch_prep_iter22" name="test_match_history_no_auto_seed" time="0.002" /><testcase classname="backend.tests.test_launch_prep_iter22" name="test_chat_conversations_empty_for_new_user" time="0.003" /><testcase classname="backend.tests.test_launch_prep_iter22" name="test_real_to_real_does_not_trigger_auto_reply" time="5.583" /><testcase classname="backend.tests.test_launch_prep_iter22" name="test_real_to_bot_triggers_auto_reply" time="12.736" /><testcase classname="backend.tests.test_launch_prep_iter22" name="test_tina_post_onboarding_uses_profile" time="1.934" /><testcase classname="backend.tests.test_launch_prep_iter22" name="test_matchmaking_mixed_pool" time="12.454"><failure message="AssertionError: No bots in /matches pool. ids=['user_9221e02547e5', 'user_957c5f8c0315', 'user_f401c57902e9', 'user_9b2bac15f5fb', 'user_5583c13a423b', 'user_9247c6f9ad78', 'user_2891acf8a7f1', 'user_6a24a30d63d4', 'user_07284fcd6abe', 'user_202dd03366a7']&#10;assert []">backend/tests/test_launch_prep_iter22.py:303: in test_matchmaking_mixed_pool
    assert bots, f"No bots in /matches pool. ids={ids[:10]}"
E   AssertionError: No bots in /matches pool. ids=['user_9221e02547e5', 'user_957c5f8c0315', 'user_f401c57902e9', 'user_9b2bac15f5fb', 'user_5583c13a423b', 'user_9247c6f9ad78', 'user_2891acf8a7f1', 'user_6a24a30d63d4', 'user_07284fcd6abe', 'user_202dd03366a7']
E   assert []</failure></testcase><testcase classname="backend.tests.test_supabase_audit.TestBootstrap" name="test_api_root" time="0.026" /><testcase classname="backend.tests.test_supabase_audit.TestAuthAudit" name="test_send_otp_and_verify" time="0.273" /><testcase classname="backend.tests.test_supabase_audit.TestTinaChatAudit" name="test_welcome_back" time="0.003" /><testcase classname="backend.tests.test_supabase_audit.TestTinaChatAudit" name="test_chat_returns_200_with_message" time="1.342" /><testcase classname="backend.tests.test_supabase_audit.TestPictureUploadAudit" name="test_upload_returns_storage_url" time="2.832" /><testcase classname="backend.tests.test_supabase_audit.TestUserChatAudit" name="test_init_mock_then_send" time="0.563" /><testcase classname="backend.tests.test_supabase_audit.TestMatchAudit" name="test_matches_endpoint_200" time="15.099" /><testcase classname="backend.tests.test_supabase_audit.TestUnmatchReportAudit" name="test_unmatch_returns_200" time="1.444" /><testcase classname="backend.tests.test_supabase_audit.TestUnmatchReportAudit" name="test_report_returns_200" time="0.297" /><testcase classname="backend.tests.test_supabase_audit.TestSupabasePersistence" name="test_user_pictures_row_landed" time="1.839" /><testcase classname="backend.tests.test_supabase_audit.TestSupabasePersistence" name="test_tina_chat_messages_row_landed" time="1.296" /><testcase classname="backend.tests.test_supabase_audit.TestSupabasePersistence" name="test_user_chat_messages_row_landed" time="1.295" /><testcase classname="backend.tests.test_supabase_audit.TestSupabasePersistence" name="test_report_events_row_landed" time="1.295" /></testsuite></testsuites>