<?xml version="1.0" encoding="utf-8"?><testsuites name="pytest tests"><testsuite name="pytest" errors="0" failures="0" skipped="0" tests="4" time="8.468" timestamp="2026-06-30T03:44:08.854125+00:00" hostname="agent-env-afbbaeec-dfa2-4c42-a2b1-91b147e5eead"><testcase classname="backend.tests.test_tina_chip_variants_iter28.TestChipVariants" name="test_a_selected_option_string" time="3.628" /><testcase classname="backend.tests.test_tina_chip_variants_iter28.TestChipVariants" name="test_b_selected_options_list" time="1.282" /><testcase classname="backend.tests.test_tina_chip_variants_iter28.TestChipVariants" name="test_c_selected_360_option_dict" time="1.946" /><testcase classname="backend.tests.test_tina_chip_variants_iter28.TestChipVariants" name="test_d_tell_me_about_yourself_strict" time="1.415" /></testsuite></testsuites>