<?xml version="1.0" encoding="utf-8"?><testsuites name="pytest tests"><testsuite name="pytest" errors="0" failures="0" skipped="0" tests="7" time="10.936" timestamp="2026-06-30T14:36:17.846675+00:00" hostname="agent-env-afbbaeec-dfa2-4c42-a2b1-91b147e5eead"><testcase classname="backend.tests.test_tina_voice_mode_iter30.TestTinaChatVoiceMode" name="test_voice_mode_true_returns_short_reply" time="2.014" /><testcase classname="backend.tests.test_tina_voice_mode_iter30.TestTinaChatVoiceMode" name="test_voice_mode_false_returns_richer_reply" time="1.937" /><testcase classname="backend.tests.test_tina_voice_mode_iter30.TestTinaChatVoiceMode" name="test_chat_without_voice_mode_field_defaults_false" time="1.909" /><testcase classname="backend.tests.test_tina_voice_mode_iter30.TestWelcomeBackSmartOpener" name="test_welcome_back_no_scripted_fragments_5x" time="4.347" /><testcase classname="backend.tests.test_tina_voice_mode_iter30.TestVoiceSpeakStream" name="test_stream_returns_audio_mpeg_200" time="0.275" /><testcase classname="backend.tests.test_tina_voice_mode_iter30.TestVoiceSpeakStream" name="test_stream_empty_text_returns_400" time="0.048" /><testcase classname="backend.tests.test_tina_voice_mode_iter30.TestVoiceSpeakLegacy" name="test_legacy_base64_speak_still_works" time="0.206" /></testsuite></testsuites>