<?xml version="1.0" encoding="utf-8"?><testsuites name="pytest tests"><testsuite name="pytest" errors="0" failures="1" skipped="0" tests="8" time="38.931" timestamp="2026-06-30T02:27:25.132077+00:00" hostname="agent-env-afbbaeec-dfa2-4c42-a2b1-91b147e5eead"><testcase classname="backend.tests.test_launch_prep_iter22" name="test_api_root_200" time="0.003" /><testcase classname="backend.tests.test_launch_prep_iter22" name="test_init_mock_skipped_in_production" time="4.210" /><testcase classname="backend.tests.test_launch_prep_iter22" name="test_match_history_no_auto_seed" time="0.003" /><testcase classname="backend.tests.test_launch_prep_iter22" name="test_chat_conversations_empty_for_new_user" time="0.011"><failure message="AssertionError: /chat/conversations for new user STILL contains auto-seeded Anjali/Priya unmatched bot conversations. Seeding is NOT gated. Found: [{'conversation_id': 'mock_unmatched_priya_bhatia_user_f401c57902e9', 'created_at': '2026-06-22T02:27:29.401325', 'initiated_by': 'mock_unmatched_priya_bhatia', 'is_mock': True, 'last_message': &quot;I'd love that. Pick a film, I'll get tickets.&quot;, 'last_message_at': '2026-06-22T03:32:29.401325', 'meeting_status': None, 'participants': ['user_f401c57902e9', 'mock_unmatched_priya_bhatia'], 'status': 'unmatched', 'unmatch_reason': 'Not feeling the connection anymore', 'unmatched_at': '2026-06-29T02:27:29.401326', 'unmatched_by': 'mock_unmatched_priya_bhatia', 'unread_count': {'user_f401c57902e9': 0, 'mock_unmatched_priya_bhatia': 0}, 'verification_status': None, 'is_read_only': True, 'is_unmatched': True, 'other_user_id': 'mock_unmatched_priya_bhatia', 'unread': 0, 'other_user': {'user_id': 'mock_unmatched_priya_bhatia', 'name': 'Priya Bhatia', 'avatar': 'https://images.unsplash.com/photo-1544005313-94ddf0286df2?w=600&amp;h=800&amp;fit=crop', 'location': 'Mumbai, Maharashtra', 'age': 26}, 'is_pending': False}, {'conversation_id': 'mock_unmatched_anjali_iyer_user_f401c57902e9', 'created_at': '2026-06-18T02:27:29.399754', 'initiated_by': 'mock_unmatched_anjali_iyer', 'is_mock': True, 'last_message': 'Maybe. Let me think about it.', 'last_message_at': '2026-06-18T03:21:29.399754', 'meeting_status': None, 'participants': ['user_f401c57902e9', 'mock_unmatched_anjali_iyer'], 'status': 'unmatched', 'unmatch_reason': 'Not feeling the connection anymore', 'unmatched_at': '2026-06-27T02:27:29.399759', 'unmatched_by': 'mock_unmatched_anjali_iyer', 'unread_count': {'user_f401c57902e9': 0, 'mock_unmatched_anjali_iyer': 0}, 'verification_status': None, 'is_read_only': True, 'is_unmatched': True, 'other_user_id': 'mock_unmatched_anjali_iyer', 'unread': 0, 'other_user': {'user_id': 'mock_unmatched_anjali_iyer', 'name': 'Anjali Iyer', 'avatar': 'https://images.unsplash.com/photo-1531123897727-8f129e1688ce?w=600&amp;h=800&amp;fit=crop', 'location': 'Bengaluru, Karnataka', 'age': 28}, 'is_pending': False}]&#10;assert not [{'conversation_id': 'mock_unmatched_priya_bhatia_user_f401c57902e9', 'created_at': '2026-06-22T02:27:29.401325', 'initiated_by': 'mock_unmatched_priya_bhatia', 'is_mock': True, ...}, {'conversation_id': 'mock_unmatched_anjali_iyer_user_f401c57902e9', 'created_at': '2026-06-18T02:27:29.399754', 'initiated_by': 'mock_unmatched_anjali_iyer', 'is_mock': True, ...}]">E   AssertionError: /chat/conversations for new user STILL contains auto-seeded Anjali/Priya unmatched bot conversations. Seeding is NOT gated. Found: [{'conversation_id': 'mock_unmatched_priya_bhatia_user_f401c57902e9', 'created_at': '2026-06-22T02:27:29.401325', 'initiated_by': 'mock_unmatched_priya_bhatia', 'is_mock': True, 'last_message': "I'd love that. Pick a film, I'll get tickets.", 'last_message_at': '2026-06-22T03:32:29.401325', 'meeting_status': None, 'participants': ['user_f401c57902e9', 'mock_unmatched_priya_bhatia'], 'status': 'unmatched', 'unmatch_reason': 'Not feeling the connection anymore', 'unmatched_at': '2026-06-29T02:27:29.401326', 'unmatched_by': 'mock_unmatched_priya_bhatia', 'unread_count': {'user_f401c57902e9': 0, 'mock_unmatched_priya_bhatia': 0}, 'verification_status': None, 'is_read_only': True, 'is_unmatched': True, 'other_user_id': 'mock_unmatched_priya_bhatia', 'unread': 0, 'other_user': {'user_id': 'mock_unmatched_priya_bhatia', 'name': 'Priya Bhatia', 'avatar': 'https://images.unsplash.com/photo-1544005313-94ddf0286df2?w=600&amp;h=800&amp;fit=crop', 'location': 'Mumbai, Maharashtra', 'age': 26}, 'is_pending': False}, {'conversation_id': 'mock_unmatched_anjali_iyer_user_f401c57902e9', 'created_at': '2026-06-18T02:27:29.399754', 'initiated_by': 'mock_unmatched_anjali_iyer', 'is_mock': True, 'last_message': 'Maybe. Let me think about it.', 'last_message_at': '2026-06-18T03:21:29.399754', 'meeting_status': None, 'participants': ['user_f401c57902e9', 'mock_unmatched_anjali_iyer'], 'status': 'unmatched', 'unmatch_reason': 'Not feeling the connection anymore', 'unmatched_at': '2026-06-27T02:27:29.399759', 'unmatched_by': 'mock_unmatched_anjali_iyer', 'unread_count': {'user_f401c57902e9': 0, 'mock_unmatched_anjali_iyer': 0}, 'verification_status': None, 'is_read_only': True, 'is_unmatched': True, 'other_user_id': 'mock_unmatched_anjali_iyer', 'unread': 0, 'other_user': {'user_id': 'mock_unmatched_anjali_iyer', 'name': 'Anjali Iyer', 'avatar': 'https://images.unsplash.com/photo-1531123897727-8f129e1688ce?w=600&amp;h=800&amp;fit=crop', 'location': 'Bengaluru, Karnataka', 'age': 28}, 'is_pending': False}]
    assert not [{'conversation_id': 'mock_unmatched_priya_bhatia_user_f401c57902e9', 'created_at': '2026-06-22T02:27:29.401325', 'initiated_by': 'mock_unmatched_priya_bhatia', 'is_mock': True, ...}, {'conversation_id': 'mock_unmatched_anjali_iyer_user_f401c57902e9', 'created_at': '2026-06-18T02:27:29.399754', 'initiated_by': 'mock_unmatched_anjali_iyer', 'is_mock': True, ...}]</failure></testcase><testcase classname="backend.tests.test_launch_prep_iter22" name="test_real_to_real_does_not_trigger_auto_reply" time="5.594" /><testcase classname="backend.tests.test_launch_prep_iter22" name="test_real_to_bot_triggers_auto_reply" time="12.637" /><testcase classname="backend.tests.test_launch_prep_iter22" name="test_tina_post_onboarding_uses_profile" time="1.861" /><testcase classname="backend.tests.test_launch_prep_iter22" name="test_matchmaking_mixed_pool" time="14.563" /></testsuite></testsuites>