<?xml version="1.0" encoding="utf-8"?><testsuites name="pytest tests"><testsuite name="pytest" errors="0" failures="2" skipped="0" tests="9" time="16.353" timestamp="2026-06-30T03:37:32.433763+00:00" hostname="agent-env-afbbaeec-dfa2-4c42-a2b1-91b147e5eead"><testcase classname="tests.test_tina_bug_fixes_iter26.TestSanity" name="test_backend_root" time="0.003" /><testcase classname="tests.test_tina_bug_fixes_iter26.TestBug1_SkipQuizForCompletedUsers" name="test_01_first_turn_no_quiz" time="2.063" /><testcase classname="tests.test_tina_bug_fixes_iter26.TestBug1_SkipQuizForCompletedUsers" name="test_02_movie_recommendation_references_taste" time="1.577" /><testcase classname="tests.test_tina_bug_fixes_iter26.TestBug1_SkipQuizForCompletedUsers" name="test_03_tell_me_about_yourself_no_script" time="1.401"><failure message="AssertionError: 360 quiz still triggered on turn 3: scripted phrase 'first date' in response: haha, i'm strictly in the love department #x1F495 — let's get back to finding your person! what's your idea of a perfect first date? #x1F389&#10;assert not True">tests/test_tina_bug_fixes_iter26.py:248: in test_03_tell_me_about_yourself_no_script
    assert not is_quiz, f"360 quiz still triggered on turn 3: {reason}"
E   AssertionError: 360 quiz still triggered on turn 3: scripted phrase 'first date' in response: haha, i'm strictly in the love department #x1F495 — let's get back to finding your person! what's your idea of a perfect first date? #x1F389
E   assert not True</failure></testcase><testcase classname="tests.test_tina_bug_fixes_iter26.TestBug1_SkipQuizForCompletedUsers" name="test_04_chip_payload_does_not_enter_quiz" time="1.761"><failure message="AssertionError: 360 quiz still triggered on chip payload: show_options non-empty on post-onboarding: {'field': 'relationshipIntent', 'options': ['Casual', 'Friendship', 'Serious relationship', 'Exploring'], 'multi_select': True}&#10;assert not True">tests/test_tina_bug_fixes_iter26.py:262: in test_04_chip_payload_does_not_enter_quiz
    assert not is_quiz, f"360 quiz still triggered on chip payload: {reason}"
E   AssertionError: 360 quiz still triggered on chip payload: show_options non-empty on post-onboarding: {'field': 'relationshipIntent', 'options': ['Casual', 'Friendship', 'Serious relationship', 'Exploring'], 'multi_select': True}
E   assert not True</failure></testcase><testcase classname="tests.test_tina_bug_fixes_iter26.TestBug2_LatencyAndFastFlag" name="test_05_fast_flag_in_service" time="0.001" /><testcase classname="tests.test_tina_bug_fixes_iter26.TestBug2_LatencyAndFastFlag" name="test_06_frontend_cadence_constants" time="0.000" /><testcase classname="tests.test_tina_bug_fixes_iter26.TestBug2_LatencyAndFastFlag" name="test_07_post_onboarding_latency_under_2_5s" time="7.781" /><testcase classname="tests.test_tina_bug_fixes_iter26.TestRegression_OnboardingStillScripted" name="test_08_incomplete_user_gets_scripted_question" time="1.544" /></testsuite></testsuites>