<?xml version="1.0" encoding="utf-8"?><testsuites name="pytest tests"><testsuite name="pytest" errors="0" failures="0" skipped="0" tests="7" time="4.993" timestamp="2026-06-30T02:41:07.975277+00:00" hostname="agent-env-afbbaeec-dfa2-4c42-a2b1-91b147e5eead"><testcase classname="backend.tests.test_iter24_header_optin.TestSanity" name="test_root_health" time="1.345" /><testcase classname="backend.tests.test_iter24_header_optin.TestHeaderOptIn" name="test_2a_init_mock_without_header_is_skipped" time="0.394" /><testcase classname="backend.tests.test_iter24_header_optin.TestHeaderOptIn" name="test_2b_init_mock_with_header_seeds" time="2.307" /><testcase classname="backend.tests.test_iter24_header_optin.TestHeaderOptIn" name="test_2c_conversations_without_header_returns_existing_seeds" time="0.004" /><testcase classname="backend.tests.test_iter24_header_optin.TestHeaderOptIn" name="test_2d_conversations_fresh_user_no_header_returns_empty" time="0.294" /><testcase classname="backend.tests.test_iter24_header_optin.TestHeaderOptIn" name="test_2e_conversations_fresh_user_with_header_seeds_unmatched" time="0.297" /><testcase classname="backend.tests.test_iter24_header_optin.TestRegression" name="test_5_fresh_user_no_header_chat_empty" time="0.293" /></testsuite></testsuites>