<?xml version="1.0" encoding="utf-8"?><testsuites name="pytest tests"><testsuite name="pytest" errors="0" failures="0" skipped="0" tests="9" time="12.469" timestamp="2026-06-30T03:43:18.541867+00:00" hostname="agent-env-afbbaeec-dfa2-4c42-a2b1-91b147e5eead"><testcase classname="backend.tests.test_tina_bug_fixes_iter26.TestSanity" name="test_backend_root" time="0.003" /><testcase classname="backend.tests.test_tina_bug_fixes_iter26.TestBug1_SkipQuizForCompletedUsers" name="test_01_first_turn_no_quiz" time="2.040" /><testcase classname="backend.tests.test_tina_bug_fixes_iter26.TestBug1_SkipQuizForCompletedUsers" name="test_02_movie_recommendation_references_taste" time="1.472" /><testcase classname="backend.tests.test_tina_bug_fixes_iter26.TestBug1_SkipQuizForCompletedUsers" name="test_03_tell_me_about_yourself_no_script" time="1.384" /><testcase classname="backend.tests.test_tina_bug_fixes_iter26.TestBug1_SkipQuizForCompletedUsers" name="test_04_chip_payload_does_not_enter_quiz" time="1.284" /><testcase classname="backend.tests.test_tina_bug_fixes_iter26.TestBug2_LatencyAndFastFlag" name="test_05_fast_flag_in_service" time="0.001" /><testcase classname="backend.tests.test_tina_bug_fixes_iter26.TestBug2_LatencyAndFastFlag" name="test_06_frontend_cadence_constants" time="0.000" /><testcase classname="backend.tests.test_tina_bug_fixes_iter26.TestBug2_LatencyAndFastFlag" name="test_07_post_onboarding_latency_under_2_5s" time="4.506" /><testcase classname="backend.tests.test_tina_bug_fixes_iter26.TestRegression_OnboardingStillScripted" name="test_08_incomplete_user_gets_scripted_question" time="1.578" /></testsuite></testsuites>