<?xml version="1.0" encoding="utf-8"?><testsuites name="pytest tests"><testsuite name="pytest" errors="0" failures="0" skipped="0" tests="13" time="28.827" timestamp="2026-06-29T23:15:43.370158+00:00" hostname="agent-env-afbbaeec-dfa2-4c42-a2b1-91b147e5eead"><testcase classname="tests.test_supabase_audit.TestBootstrap" name="test_api_root" time="1.313" /><testcase classname="tests.test_supabase_audit.TestAuthAudit" name="test_send_otp_and_verify" time="0.874" /><testcase classname="tests.test_supabase_audit.TestTinaChatAudit" name="test_welcome_back" time="0.003" /><testcase classname="tests.test_supabase_audit.TestTinaChatAudit" name="test_chat_returns_200_with_message" time="1.808" /><testcase classname="tests.test_supabase_audit.TestPictureUploadAudit" name="test_upload_returns_storage_url" time="2.718" /><testcase classname="tests.test_supabase_audit.TestUserChatAudit" name="test_init_mock_then_send" time="2.221" /><testcase classname="tests.test_supabase_audit.TestMatchAudit" name="test_matches_endpoint_200" time="12.709" /><testcase classname="tests.test_supabase_audit.TestUnmatchReportAudit" name="test_unmatch_returns_200" time="0.925" /><testcase classname="tests.test_supabase_audit.TestUnmatchReportAudit" name="test_report_returns_200" time="0.290" /><testcase classname="tests.test_supabase_audit.TestSupabasePersistence" name="test_user_pictures_row_landed" time="1.878" /><testcase classname="tests.test_supabase_audit.TestSupabasePersistence" name="test_tina_chat_messages_row_landed" time="1.326" /><testcase classname="tests.test_supabase_audit.TestSupabasePersistence" name="test_user_chat_messages_row_landed" time="1.326" /><testcase classname="tests.test_supabase_audit.TestSupabasePersistence" name="test_report_events_row_landed" time="1.327" /></testsuite></testsuites>