<?xml version="1.0" encoding="utf-8"?><testsuites name="pytest tests"><testsuite name="pytest" errors="0" failures="0" skipped="0" tests="20" time="50.315" timestamp="2026-06-30T01:27:04.516674+00:00" hostname="agent-env-afbbaeec-dfa2-4c42-a2b1-91b147e5eead"><testcase classname="backend.tests.test_audit_iter20.TestBootstrap" name="test_api_root" time="1.498" /><testcase classname="backend.tests.test_audit_iter20.TestBootstrap" name="test_audit_tables_present_in_backend_log" time="0.001" /><testcase classname="backend.tests.test_audit_iter20.TestSignupFlowPersistence" name="test_a_login_audit_row_after_verify_otp" time="1.747" /><testcase classname="backend.tests.test_audit_iter20.TestSignupFlowPersistence" name="test_b_profile_save_persists_to_supabase" time="4.396" /><testcase classname="backend.tests.test_audit_iter20.TestSignupFlowPersistence" name="test_c_visibility_toggles_via_profile" time="0.273" /><testcase classname="backend.tests.test_audit_iter20.TestSignupFlowPersistence" name="test_d_filters_persists_to_supabase" time="4.434" /><testcase classname="backend.tests.test_audit_iter20.TestSignupFlowPersistence" name="test_e_mode_endpoint_adds_row" time="2.304" /><testcase classname="backend.tests.test_audit_iter20.TestSignupFlowPersistence" name="test_f_pictures_batch_audit_NEW_HOOK" time="4.974" /><testcase classname="backend.tests.test_audit_iter20.TestMatchFlowPersistence" name="test_a_matches_generated_event" time="7.171" /><testcase classname="backend.tests.test_audit_iter20.TestMatchFlowPersistence" name="test_b_init_mock_then_accept_NEW_HOOK" time="4.136" /><testcase classname="backend.tests.test_audit_iter20.TestMatchFlowPersistence" name="test_c_decline_NEW_HOOK" time="2.536" /><testcase classname="backend.tests.test_audit_iter20.TestMatchFlowPersistence" name="test_d_unmatch_persists" time="2.271" /><testcase classname="backend.tests.test_audit_iter20.TestMatchFlowPersistence" name="test_e_report_persists" time="2.259" /><testcase classname="backend.tests.test_audit_iter20.TestMatchFlowPersistence" name="test_f_delete_NEW_HOOK" time="2.627" /><testcase classname="backend.tests.test_audit_iter20.TestMatchFlowPersistence" name="test_g_meeting_report_NEW_HOOK" time="2.263" /><testcase classname="backend.tests.test_audit_iter20.TestMatchFlowPersistence" name="test_h_meeting_status_NEW_HOOK" time="2.250" /><testcase classname="backend.tests.test_audit_iter20.TestChatFlowRegression" name="test_a_chat_send_persists" time="2.022" /><testcase classname="backend.tests.test_audit_iter20.TestChatFlowRegression" name="test_b_tina_chat_persists" time="3.034" /><testcase classname="backend.tests.test_audit_iter20.TestNegativeChecks" name="test_no_recent_500_from_new_hooks" time="0.001" /><testcase classname="backend.tests.test_audit_iter20.TestNegativeChecks" name="test_audit_failures_are_non_blocking" time="0.001" /></testsuite></testsuites>