<?xml version="1.0" encoding="utf-8"?><testsuites name="pytest tests"><testsuite name="pytest" errors="0" failures="0" skipped="0" tests="9" time="3.647" timestamp="2026-06-26T02:32:30.500662+00:00" hostname="agent-env-afbbaeec-dfa2-4c42-a2b1-91b147e5eead"><testcase classname="tests.test_match_history.TestAuthFlow" name="test_send_email_otp_returns_otp" time="0.223" /><testcase classname="tests.test_match_history.TestAuthFlow" name="test_verify_otp_returns_token_and_user_id" time="1.797" /><testcase classname="tests.test_match_history.TestMatchHistory" name="test_match_history_seeds_anjali_priya" time="0.153" /><testcase classname="tests.test_match_history.TestMatchHistory" name="test_match_history_is_idempotent" time="0.335" /><testcase classname="tests.test_match_history.TestUnmatchedConversation" name="test_unmatched_endpoint_returns_read_only[mock_unmatched_anjali_iyer-Anjali Iyer]" time="0.264" /><testcase classname="tests.test_match_history.TestUnmatchedConversation" name="test_unmatched_endpoint_returns_read_only[mock_unmatched_priya_bhatia-Priya Bhatia]" time="0.222" /><testcase classname="tests.test_match_history.TestUnmatchedConversation" name="test_chat_messages_returned[mock_unmatched_anjali_iyer]" time="0.245" /><testcase classname="tests.test_match_history.TestUnmatchedConversation" name="test_chat_messages_returned[mock_unmatched_priya_bhatia]" time="0.241" /><testcase classname="tests.test_match_history.TestReport" name="test_report_unmatched_user" time="0.107" /></testsuite></testsuites>