<?xml version="1.0" encoding="utf-8"?><testsuites name="pytest tests"><testsuite name="pytest" errors="0" failures="0" skipped="0" tests="6" time="15.871" timestamp="2026-06-30T00:41:20.596169+00:00" hostname="agent-env-afbbaeec-dfa2-4c42-a2b1-91b147e5eead"><testcase classname="tests.test_tina_post_onboarding_llm.TestSanity" name="test_backend_root" time="1.688" /><testcase classname="tests.test_tina_post_onboarding_llm.TestPostOnboardingLLMChat" name="test_01_first_turn_references_profile" time="2.566" /><testcase classname="tests.test_tina_post_onboarding_llm.TestPostOnboardingLLMChat" name="test_02_multi_turn_continuity" time="3.109" /><testcase classname="tests.test_tina_post_onboarding_llm.TestPostOnboardingLLMChat" name="test_03_session_persisted_history" time="0.001" /><testcase classname="tests.test_tina_post_onboarding_llm.TestNegativeIncompleteUser" name="test_incomplete_user_gets_scripted_options" time="7.983" /><testcase classname="tests.test_tina_post_onboarding_llm.TestVoiceTranscribeSmoke" name="test_voice_transcribe_accepts_wav" time="0.319" /></testsuite></testsuites>