<?xml version="1.0" encoding="utf-8"?><testsuites name="pytest tests"><testsuite name="pytest" errors="0" failures="0" skipped="0" tests="7" time="23.578" timestamp="2026-06-29T22:28:47.913871+00:00" hostname="agent-env-afbbaeec-dfa2-4c42-a2b1-91b147e5eead"><testcase classname="backend.tests.test_tina_360.TestQuestionsEndpoint" name="test_returns_8_questions_and_dynamic" time="0.448" /><testcase classname="backend.tests.test_tina_360.TestPersona360Flow" name="test_transition_message_returns_first_question" time="0.210" /><testcase classname="backend.tests.test_tina_360.TestPersona360Flow" name="test_free_text_mid_quiz_does_not_advance" time="0.247" /><testcase classname="backend.tests.test_tina_360.TestPersona360Flow" name="test_eight_sequential_answers_produce_archetype_reveal" time="1.749" /><testcase classname="backend.tests.test_tina_360.TestPersona360Flow" name="test_profile_endpoint_for_unknown_user" time="0.116" /><testcase classname="backend.tests.test_tina_360.TestMatchesRegression" name="test_matches_endpoint_works_with_random_user" time="9.822" /><testcase classname="backend.tests.test_tina_360.TestMatchesRegression" name="test_matches_for_user_with_tina_profile" time="10.903" /></testsuite></testsuites>