<?xml version="1.0" encoding="utf-8"?><testsuites name="pytest tests"><testsuite name="pytest" errors="0" failures="0" skipped="0" tests="4" time="1.385" timestamp="2026-06-29T21:18:18.680634+00:00" hostname="agent-env-afbbaeec-dfa2-4c42-a2b1-91b147e5eead"><testcase classname="backend.tests.test_smoke_iter11" name="test_voice_status" time="0.185" /><testcase classname="backend.tests.test_smoke_iter11" name="test_tina_chat" time="1.051" /><testcase classname="backend.tests.test_smoke_iter11" name="test_profile_fetch_unknown_user" time="0.047" /><testcase classname="backend.tests.test_smoke_iter11" name="test_matches_endpoint" time="0.051" /></testsuite></testsuites>