<?xml version="1.0" encoding="utf-8"?><testsuites name="pytest tests"><testsuite name="pytest" errors="0" failures="0" skipped="0" tests="8" time="2.827" timestamp="2026-06-26T03:46:07.046844+00:00" hostname="agent-env-afbbaeec-dfa2-4c42-a2b1-91b147e5eead"><testcase classname="backend.tests.test_chat_delete.TestSeededBaseline" name="test_baseline_contains_anjali_and_priya" time="1.113" /><testcase classname="backend.tests.test_chat_delete.TestDeleteChatHappyPath" name="test_delete_anjali_and_filter_from_history" time="0.240" /><testcase classname="backend.tests.test_chat_delete.TestDeleteChatHappyPath" name="test_filter_persists_across_multiple_gets" time="0.339" /><testcase classname="backend.tests.test_chat_delete.TestDeleteChatIdempotency" name="test_re_delete_same_conv_returns_400" time="0.112" /><testcase classname="backend.tests.test_chat_delete.TestDeleteChatBadInput" name="test_delete_with_unknown_conversation_id" time="0.675" /><testcase classname="backend.tests.test_chat_delete.TestDeleteChatBadInput" name="test_delete_missing_fields_returns_422" time="0.094" /><testcase classname="backend.tests.test_chat_delete.TestDeleteChatBadInput" name="test_delete_with_non_participant_user_returns_400" time="0.106" /><testcase classname="backend.tests.test_chat_delete.TestMockUnmatchedData" name="test_priya_remains_with_was_unmatched_by_other_flag" time="0.100" /></testsuite></testsuites>