<?xml version="1.0" encoding="utf-8"?><testsuites name="pytest tests"><testsuite name="pytest" errors="0" failures="4" skipped="0" tests="13" time="29.998" timestamp="2026-06-29T23:11:23.398158+00:00" hostname="agent-env-afbbaeec-dfa2-4c42-a2b1-91b147e5eead"><testcase classname="backend.tests.test_supabase_audit.TestBootstrap" name="test_api_root" time="0.301" /><testcase classname="backend.tests.test_supabase_audit.TestAuthAudit" name="test_send_otp_and_verify" time="1.104" /><testcase classname="backend.tests.test_supabase_audit.TestTinaChatAudit" name="test_welcome_back" time="0.048" /><testcase classname="backend.tests.test_supabase_audit.TestTinaChatAudit" name="test_chat_returns_200_with_message" time="2.095" /><testcase classname="backend.tests.test_supabase_audit.TestPictureUploadAudit" name="test_upload_returns_storage_url" time="2.651" /><testcase classname="backend.tests.test_supabase_audit.TestUserChatAudit" name="test_init_mock_then_send" time="2.490" /><testcase classname="backend.tests.test_supabase_audit.TestMatchAudit" name="test_matches_endpoint_200" time="13.721" /><testcase classname="backend.tests.test_supabase_audit.TestUnmatchReportAudit" name="test_unmatch_returns_200" time="1.412" /><testcase classname="backend.tests.test_supabase_audit.TestUnmatchReportAudit" name="test_report_returns_200" time="0.368" /><testcase classname="backend.tests.test_supabase_audit.TestSupabasePersistence" name="test_user_pictures_row_landed" time="1.821"><failure message="AssertionError: No upload audit row found for user_67a61f8c1e05: []&#10;assert False&#10; +  where False = any(&lt;generator object TestSupabasePersistence.test_user_pictures_row_landed.&lt;locals&gt;.&lt;genexpr&gt; at 0xfa835360eb20&gt;)">backend/tests/test_supabase_audit.py:311: in test_user_pictures_row_landed
    assert any(row.get("action") == "upload" for row in rows), (
E   AssertionError: No upload audit row found for user_67a61f8c1e05: []
E   assert False
E    +  where False = any(&lt;generator object TestSupabasePersistence.test_user_pictures_row_landed.&lt;locals&gt;.&lt;genexpr&gt; at 0xfa835360eb20&gt;)</failure></testcase><testcase classname="backend.tests.test_supabase_audit.TestSupabasePersistence" name="test_tina_chat_messages_row_landed" time="1.245"><failure message="AssertionError: No tina_chat_messages rows for user_67a61f8c1e05&#10;assert 0 &gt;= 1&#10; +  where 0 = len([])">backend/tests/test_supabase_audit.py:325: in test_tina_chat_messages_row_landed
    assert len(rows) &gt;= 1, f"No tina_chat_messages rows for {test_user['user_id']}"
E   AssertionError: No tina_chat_messages rows for user_67a61f8c1e05
E   assert 0 &gt;= 1
E    +  where 0 = len([])</failure></testcase><testcase classname="backend.tests.test_supabase_audit.TestSupabasePersistence" name="test_user_chat_messages_row_landed" time="1.367"><failure message="AssertionError: User chat audit row missing: []&#10;assert False&#10; +  where False = any(&lt;generator object TestSupabasePersistence.test_user_chat_messages_row_landed.&lt;locals&gt;.&lt;genexpr&gt; at 0xfa835360d700&gt;)">backend/tests/test_supabase_audit.py:337: in test_user_chat_messages_row_landed
    assert any(row.get("content") == "hello from audit test" for row in rows), (
E   AssertionError: User chat audit row missing: []
E   assert False
E    +  where False = any(&lt;generator object TestSupabasePersistence.test_user_chat_messages_row_landed.&lt;locals&gt;.&lt;genexpr&gt; at 0xfa835360d700&gt;)</failure></testcase><testcase classname="backend.tests.test_supabase_audit.TestSupabasePersistence" name="test_report_events_row_landed" time="1.244"><failure message="AssertionError: No report_events for user_67a61f8c1e05&#10;assert 0 &gt;= 1&#10; +  where 0 = len([])">backend/tests/test_supabase_audit.py:356: in test_report_events_row_landed
    assert len(rows) &gt;= 1, f"No report_events for {test_user['user_id']}"
E   AssertionError: No report_events for user_67a61f8c1e05
E   assert 0 &gt;= 1
E    +  where 0 = len([])</failure></testcase></testsuite></testsuites>