<?xml version="1.0" encoding="utf-8"?><testsuites name="pytest tests"><testsuite name="pytest" errors="0" failures="0" skipped="0" tests="9" time="2.926" timestamp="2026-06-27T10:51:02.332913+00:00" hostname="agent-env-afbbaeec-dfa2-4c42-a2b1-91b147e5eead"><testcase classname="backend.tests.test_tina_voice.TestTinaVoiceStatus" name="test_status_enabled" time="0.235" /><testcase classname="backend.tests.test_tina_voice.TestTinaVoiceSpeak" name="test_speak_returns_audio_data_uri" time="0.376" /><testcase classname="backend.tests.test_tina_voice.TestTinaVoiceSpeak" name="test_speak_empty_text_returns_400" time="0.047" /><testcase classname="backend.tests.test_tina_voice.TestTinaVoiceSpeak" name="test_speak_whitespace_text_returns_400" time="0.044" /><testcase classname="backend.tests.test_tina_voice.TestTinaVoiceTranscribe" name="test_transcribe_audio_returns_text" time="0.884" /><testcase classname="backend.tests.test_tina_voice.TestTinaVoiceTranscribe" name="test_transcribe_no_file_returns_4xx" time="0.089" /><testcase classname="backend.tests.test_tina_voice.TestTinaVoiceTranscribe" name="test_transcribe_empty_file_returns_4xx" time="0.119" /><testcase classname="backend.tests.test_tina_voice.TestTinaSmoke" name="test_welcome_back_smoke" time="0.049" /><testcase classname="backend.tests.test_tina_voice.TestTinaSmoke" name="test_chat_smoke" time="1.023" /></testsuite></testsuites>