<?xml version="1.0" encoding="utf-8"?><testsuites name="pytest tests"><testsuite name="pytest" errors="0" failures="0" skipped="0" tests="12" time="2.618" timestamp="2026-06-26T04:49:35.466651+00:00" hostname="agent-env-afbbaeec-dfa2-4c42-a2b1-91b147e5eead"><testcase classname="backend.tests.test_prototype_v1.TestPrototypeView" name="test_status_200" time="2.448" /><testcase classname="backend.tests.test_prototype_v1.TestPrototypeView" name="test_content_type_html" time="0.000" /><testcase classname="backend.tests.test_prototype_v1.TestPrototypeView" name="test_body_starts_with_doctype" time="0.000" /><testcase classname="backend.tests.test_prototype_v1.TestPrototypeView" name="test_body_contains_title" time="0.000" /><testcase classname="backend.tests.test_prototype_v1.TestPrototypeView" name="test_body_contains_welcome_screen" time="0.000" /><testcase classname="backend.tests.test_prototype_v1.TestPrototypeView" name="test_content_length_matches_disk" time="0.000" /><testcase classname="backend.tests.test_prototype_v1.TestPrototypeView" name="test_no_attachment_header" time="0.000" /><testcase classname="backend.tests.test_prototype_v1.TestPrototypeDownload" name="test_status_200" time="0.111" /><testcase classname="backend.tests.test_prototype_v1.TestPrototypeDownload" name="test_content_type_html" time="0.000" /><testcase classname="backend.tests.test_prototype_v1.TestPrototypeDownload" name="test_content_disposition_attachment" time="0.000" /><testcase classname="backend.tests.test_prototype_v1.TestPrototypeDownload" name="test_body_identical_to_view" time="0.000" /><testcase classname="backend.tests.test_prototype_v1.TestPrototypeDownload" name="test_body_matches_disk" time="0.001" /></testsuite></testsuites>