<?xml version="1.0" encoding="utf-8"?><testsuites name="pytest tests"><testsuite name="pytest" errors="0" failures="0" skipped="0" tests="9" time="3.857" timestamp="2026-06-29T21:00:06.016208+00:00" hostname="agent-env-afbbaeec-dfa2-4c42-a2b1-91b147e5eead"><testcase classname="test_tina_voice.TestTinaVoiceStatus" name="test_status_enabled" time="0.327" /><testcase classname="test_tina_voice.TestTinaVoiceSpeak" name="test_speak_returns_audio_data_uri" time="0.717" /><testcase classname="test_tina_voice.TestTinaVoiceSpeak" name="test_speak_empty_text_returns_400" time="0.049" /><testcase classname="test_tina_voice.TestTinaVoiceSpeak" name="test_speak_whitespace_text_returns_400" time="0.045" /><testcase classname="test_tina_voice.TestTinaVoiceTranscribe" name="test_transcribe_audio_returns_text" time="1.148" /><testcase classname="test_tina_voice.TestTinaVoiceTranscribe" name="test_transcribe_no_file_returns_4xx" time="0.123" /><testcase classname="test_tina_voice.TestTinaVoiceTranscribe" name="test_transcribe_empty_file_returns_4xx" time="0.155" /><testcase classname="test_tina_voice.TestTinaSmoke" name="test_welcome_back_smoke" time="0.048" /><testcase classname="test_tina_voice.TestTinaSmoke" name="test_chat_smoke" time="1.189" /></testsuite></testsuites>